Vocab size: 8,192
Model config: {'sequence_len': 2048, 'vocab_size': 8192, 'n_layer': 8, 'n_head': 4, 'n_kv_head': 4, 'n_embd': 512, 'window_pattern': 'SSSL'}
Parameter counts:
  wte                     : 4,194,304
  value_embeds            : 16,777,216
  lm_head                 : 4,194,304
  transformer_matrices    : 25,166,336
  scalars                 : 16
  total                   : 50,332,176
Estimated FLOPs per token: 2.390784e+08
Scaling AdamW LRs by 1/sqrt(512/768) = 1.224745
Time budget: 300s
Gradient accumulation steps: 2

step 00000 (0.0%) | loss: 9.011484 | lrm: 1.00 | dt: 12942ms | tok/sec: 20,255 | mfu: 0.5% | epoch: 1 | remaining: 300s    
step 00001 (0.0%) | loss: 9.173816 | lrm: 1.00 | dt: 405ms | tok/sec: 647,212 | mfu: 15.6% | epoch: 1 | remaining: 300s    
step 00002 (0.0%) | loss: 8.951115 | lrm: 1.00 | dt: 408ms | tok/sec: 642,846 | mfu: 15.5% | epoch: 1 | remaining: 300s    
step 00003 (0.0%) | loss: 8.765550 | lrm: 1.00 | dt: 405ms | tok/sec: 647,285 | mfu: 15.6% | epoch: 1 | remaining: 300s    
step 00004 (0.0%) | loss: 8.381723 | lrm: 1.00 | dt: 409ms | tok/sec: 641,590 | mfu: 15.5% | epoch: 1 | remaining: 300s    
step 00005 (0.0%) | loss: 8.043411 | lrm: 1.00 | dt: 408ms | tok/sec: 642,395 | mfu: 15.5% | epoch: 1 | remaining: 300s    
step 00006 (0.0%) | loss: 7.755913 | lrm: 1.00 | dt: 408ms | tok/sec: 641,992 | mfu: 15.5% | epoch: 1 | remaining: 300s    
step 00007 (0.0%) | loss: 7.516373 | lrm: 1.00 | dt: 409ms | tok/sec: 640,780 | mfu: 15.5% | epoch: 1 | remaining: 300s    
step 00008 (0.0%) | loss: 7.306510 | lrm: 1.00 | dt: 409ms | tok/sec: 640,181 | mfu: 15.5% | epoch: 1 | remaining: 300s    
step 00009 (0.0%) | loss: 7.121388 | lrm: 1.00 | dt: 408ms | tok/sec: 641,931 | mfu: 15.5% | epoch: 1 | remaining: 300s    
step 00010 (0.0%) | loss: 6.956771 | lrm: 1.00 | dt: 410ms | tok/sec: 639,216 | mfu: 15.4% | epoch: 1 | remaining: 300s    
step 00011 (0.0%) | loss: 6.811021 | lrm: 1.00 | dt: 411ms | tok/sec: 638,231 | mfu: 15.4% | epoch: 1 | remaining: 300s    
step 00012 (0.1%) | loss: 6.680303 | lrm: 1.00 | dt: 409ms | tok/sec: 641,037 | mfu: 15.5% | epoch: 1 | remaining: 299s    
step 00013 (0.3%) | loss: 6.567432 | lrm: 1.00 | dt: 409ms | tok/sec: 640,749 | mfu: 15.5% | epoch: 1 | remaining: 299s    
step 00014 (0.4%) | loss: 6.462611 | lrm: 1.00 | dt: 411ms | tok/sec: 637,116 | mfu: 15.4% | epoch: 1 | remaining: 298s    
step 00015 (0.5%) | loss: 6.367012 | lrm: 1.00 | dt: 411ms | tok/sec: 638,252 | mfu: 15.4% | epoch: 1 | remaining: 298s    
step 00016 (0.7%) | loss: 6.285052 | lrm: 1.00 | dt: 409ms | tok/sec: 640,253 | mfu: 15.5% | epoch: 1 | remaining: 298s    
step 00017 (0.8%) | loss: 6.210009 | lrm: 1.00 | dt: 409ms | tok/sec: 640,528 | mfu: 15.5% | epoch: 1 | remaining: 297s    
step 00018 (1.0%) | loss: 6.140618 | lrm: 1.00 | dt: 412ms | tok/sec: 636,266 | mfu: 15.4% | epoch: 1 | remaining: 297s    
step 00019 (1.1%) | loss: 6.076624 | lrm: 1.00 | dt: 409ms | tok/sec: 640,616 | mfu: 15.5% | epoch: 1 | remaining: 296s    
step 00020 (1.2%) | loss: 6.020961 | lrm: 1.00 | dt: 411ms | tok/sec: 638,436 | mfu: 15.4% | epoch: 1 | remaining: 296s    
step 00021 (1.4%) | loss: 5.968705 | lrm: 1.00 | dt: 412ms | tok/sec: 636,978 | mfu: 15.4% | epoch: 1 | remaining: 295s    
step 00022 (1.5%) | loss: 5.922632 | lrm: 1.00 | dt: 410ms | tok/sec: 639,602 | mfu: 15.5% | epoch: 1 | remaining: 295s    
step 00023 (1.6%) | loss: 5.877777 | lrm: 1.00 | dt: 411ms | tok/sec: 638,159 | mfu: 15.4% | epoch: 1 | remaining: 295s    
step 00024 (1.8%) | loss: 5.838498 | lrm: 1.00 | dt: 411ms | tok/sec: 637,967 | mfu: 15.4% | epoch: 1 | remaining: 294s    
step 00025 (1.9%) | loss: 5.798906 | lrm: 1.00 | dt: 411ms | tok/sec: 638,395 | mfu: 15.4% | epoch: 1 | remaining: 294s    
step 00026 (2.1%) | loss: 5.761663 | lrm: 1.00 | dt: 412ms | tok/sec: 636,853 | mfu: 15.4% | epoch: 1 | remaining: 293s    
step 00027 (2.2%) | loss: 5.730844 | lrm: 1.00 | dt: 411ms | tok/sec: 637,870 | mfu: 15.4% | epoch: 1 | remaining: 293s    
step 00028 (2.3%) | loss: 5.703244 | lrm: 1.00 | dt: 411ms | tok/sec: 638,547 | mfu: 15.4% | epoch: 1 | remaining: 293s    
step 00029 (2.5%) | loss: 5.674120 | lrm: 1.00 | dt: 412ms | tok/sec: 636,209 | mfu: 15.4% | epoch: 1 | remaining: 292s    
step 00030 (2.6%) | loss: 5.641921 | lrm: 1.00 | dt: 411ms | tok/sec: 637,905 | mfu: 15.4% | epoch: 1 | remaining: 292s    
step 00031 (2.7%) | loss: 5.615542 | lrm: 1.00 | dt: 411ms | tok/sec: 637,742 | mfu: 15.4% | epoch: 1 | remaining: 291s    
step 00032 (2.9%) | loss: 5.590392 | lrm: 1.00 | dt: 412ms | tok/sec: 636,960 | mfu: 15.4% | epoch: 1 | remaining: 291s    
step 00033 (3.0%) | loss: 5.567236 | lrm: 1.00 | dt: 412ms | tok/sec: 635,967 | mfu: 15.4% | epoch: 1 | remaining: 291s    
step 00034 (3.1%) | loss: 5.540706 | lrm: 1.00 | dt: 411ms | tok/sec: 637,767 | mfu: 15.4% | epoch: 1 | remaining: 290s    
step 00035 (3.3%) | loss: 5.517002 | lrm: 1.00 | dt: 411ms | tok/sec: 637,122 | mfu: 15.4% | epoch: 1 | remaining: 290s    
step 00036 (3.4%) | loss: 5.494216 | lrm: 1.00 | dt: 411ms | tok/sec: 638,004 | mfu: 15.4% | epoch: 1 | remaining: 289s    
step 00037 (3.6%) | loss: 5.470566 | lrm: 1.00 | dt: 412ms | tok/sec: 636,361 | mfu: 15.4% | epoch: 1 | remaining: 289s    
step 00038 (3.7%) | loss: 5.445981 | lrm: 1.00 | dt: 411ms | tok/sec: 638,287 | mfu: 15.4% | epoch: 1 | remaining: 288s    
step 00039 (3.8%) | loss: 5.426351 | lrm: 1.00 | dt: 411ms | tok/sec: 638,417 | mfu: 15.4% | epoch: 1 | remaining: 288s    
step 00040 (4.0%) | loss: 5.405136 | lrm: 1.00 | dt: 412ms | tok/sec: 636,187 | mfu: 15.4% | epoch: 1 | remaining: 288s    
step 00041 (4.1%) | loss: 5.386106 | lrm: 1.00 | dt: 412ms | tok/sec: 637,043 | mfu: 15.4% | epoch: 1 | remaining: 287s    
step 00042 (4.2%) | loss: 5.367625 | lrm: 1.00 | dt: 411ms | tok/sec: 637,732 | mfu: 15.4% | epoch: 1 | remaining: 287s    
step 00043 (4.4%) | loss: 5.349061 | lrm: 1.00 | dt: 413ms | tok/sec: 634,371 | mfu: 15.3% | epoch: 1 | remaining: 286s    
step 00044 (4.5%) | loss: 5.333307 | lrm: 1.00 | dt: 412ms | tok/sec: 637,009 | mfu: 15.4% | epoch: 1 | remaining: 286s    
step 00045 (4.7%) | loss: 5.314845 | lrm: 1.00 | dt: 412ms | tok/sec: 636,931 | mfu: 15.4% | epoch: 1 | remaining: 286s    
step 00046 (4.8%) | loss: 5.296140 | lrm: 1.00 | dt: 413ms | tok/sec: 634,174 | mfu: 15.3% | epoch: 1 | remaining: 285s    
step 00047 (4.9%) | loss: 5.275348 | lrm: 1.00 | dt: 411ms | tok/sec: 637,677 | mfu: 15.4% | epoch: 1 | remaining: 285s    
step 00048 (5.1%) | loss: 5.256182 | lrm: 1.00 | dt: 413ms | tok/sec: 634,636 | mfu: 15.3% | epoch: 1 | remaining: 284s    
step 00049 (5.2%) | loss: 5.237795 | lrm: 1.00 | dt: 411ms | tok/sec: 637,506 | mfu: 15.4% | epoch: 1 | remaining: 284s    
step 00050 (5.3%) | loss: 5.222219 | lrm: 1.00 | dt: 412ms | tok/sec: 636,875 | mfu: 15.4% | epoch: 1 | remaining: 284s    
step 00051 (5.5%) | loss: 5.206299 | lrm: 1.00 | dt: 412ms | tok/sec: 635,796 | mfu: 15.4% | epoch: 1 | remaining: 283s    
step 00052 (5.6%) | loss: 5.189309 | lrm: 1.00 | dt: 412ms | tok/sec: 636,953 | mfu: 15.4% | epoch: 1 | remaining: 283s    
step 00053 (5.8%) | loss: 5.171230 | lrm: 1.00 | dt: 413ms | tok/sec: 634,342 | mfu: 15.3% | epoch: 1 | remaining: 282s    
step 00054 (5.9%) | loss: 5.155242 | lrm: 1.00 | dt: 411ms | tok/sec: 637,180 | mfu: 15.4% | epoch: 1 | remaining: 282s    
step 00055 (6.0%) | loss: 5.139168 | lrm: 1.00 | dt: 412ms | tok/sec: 635,637 | mfu: 15.4% | epoch: 1 | remaining: 281s    
step 00056 (6.2%) | loss: 5.125524 | lrm: 1.00 | dt: 413ms | tok/sec: 634,080 | mfu: 15.3% | epoch: 1 | remaining: 281s    
step 00057 (6.3%) | loss: 5.112375 | lrm: 1.00 | dt: 412ms | tok/sec: 636,933 | mfu: 15.4% | epoch: 1 | remaining: 281s    
step 00058 (6.4%) | loss: 5.097058 | lrm: 1.00 | dt: 412ms | tok/sec: 636,187 | mfu: 15.4% | epoch: 1 | remaining: 280s    
step 00059 (6.6%) | loss: 5.084247 | lrm: 1.00 | dt: 413ms | tok/sec: 634,883 | mfu: 15.3% | epoch: 1 | remaining: 280s    
step 00060 (6.7%) | loss: 5.070015 | lrm: 1.00 | dt: 412ms | tok/sec: 635,592 | mfu: 15.4% | epoch: 1 | remaining: 279s    
step 00061 (6.9%) | loss: 5.056178 | lrm: 1.00 | dt: 413ms | tok/sec: 634,442 | mfu: 15.3% | epoch: 1 | remaining: 279s    
step 00062 (7.0%) | loss: 5.034881 | lrm: 1.00 | dt: 413ms | tok/sec: 634,587 | mfu: 15.3% | epoch: 1 | remaining: 279s    
step 00063 (7.1%) | loss: 5.018260 | lrm: 1.00 | dt: 413ms | tok/sec: 635,029 | mfu: 15.3% | epoch: 1 | remaining: 278s    
step 00064 (7.3%) | loss: 5.003543 | lrm: 1.00 | dt: 412ms | tok/sec: 635,998 | mfu: 15.4% | epoch: 1 | remaining: 278s    
step 00065 (7.4%) | loss: 4.990375 | lrm: 1.00 | dt: 414ms | tok/sec: 633,692 | mfu: 15.3% | epoch: 1 | remaining: 277s    
step 00066 (7.5%) | loss: 4.971507 | lrm: 1.00 | dt: 412ms | tok/sec: 635,917 | mfu: 15.4% | epoch: 1 | remaining: 277s    
step 00067 (7.7%) | loss: 4.952237 | lrm: 1.00 | dt: 413ms | tok/sec: 634,813 | mfu: 15.3% | epoch: 1 | remaining: 277s    
step 00068 (7.8%) | loss: 4.930454 | lrm: 1.00 | dt: 413ms | tok/sec: 635,022 | mfu: 15.3% | epoch: 1 | remaining: 276s    
step 00069 (8.0%) | loss: 4.910671 | lrm: 1.00 | dt: 413ms | tok/sec: 634,177 | mfu: 15.3% | epoch: 1 | remaining: 276s    
step 00070 (8.1%) | loss: 4.896561 | lrm: 1.00 | dt: 413ms | tok/sec: 634,084 | mfu: 15.3% | epoch: 1 | remaining: 275s    
step 00071 (8.2%) | loss: 4.881367 | lrm: 1.00 | dt: 412ms | tok/sec: 636,160 | mfu: 15.4% | epoch: 1 | remaining: 275s    
step 00072 (8.4%) | loss: 4.865287 | lrm: 1.00 | dt: 413ms | tok/sec: 634,281 | mfu: 15.3% | epoch: 1 | remaining: 274s    
step 00073 (8.5%) | loss: 4.854035 | lrm: 1.00 | dt: 412ms | tok/sec: 636,097 | mfu: 15.4% | epoch: 1 | remaining: 274s    
step 00074 (8.6%) | loss: 4.840008 | lrm: 1.00 | dt: 413ms | tok/sec: 634,448 | mfu: 15.3% | epoch: 1 | remaining: 274s    
step 00075 (8.8%) | loss: 4.821427 | lrm: 1.00 | dt: 412ms | tok/sec: 636,971 | mfu: 15.4% | epoch: 1 | remaining: 273s    
step 00076 (8.9%) | loss: 4.806326 | lrm: 1.00 | dt: 414ms | tok/sec: 633,646 | mfu: 15.3% | epoch: 1 | remaining: 273s    
step 00077 (9.1%) | loss: 4.792638 | lrm: 1.00 | dt: 412ms | tok/sec: 636,016 | mfu: 15.4% | epoch: 1 | remaining: 272s    
step 00078 (9.2%) | loss: 4.777821 | lrm: 1.00 | dt: 413ms | tok/sec: 634,282 | mfu: 15.3% | epoch: 1 | remaining: 272s    
step 00079 (9.3%) | loss: 4.758406 | lrm: 1.00 | dt: 413ms | tok/sec: 635,419 | mfu: 15.4% | epoch: 1 | remaining: 272s    
step 00080 (9.5%) | loss: 4.738066 | lrm: 1.00 | dt: 413ms | tok/sec: 634,255 | mfu: 15.3% | epoch: 1 | remaining: 271s    
step 00081 (9.6%) | loss: 4.721627 | lrm: 1.00 | dt: 414ms | tok/sec: 633,815 | mfu: 15.3% | epoch: 1 | remaining: 271s    
step 00082 (9.7%) | loss: 4.706552 | lrm: 1.00 | dt: 412ms | tok/sec: 636,083 | mfu: 15.4% | epoch: 1 | remaining: 270s    
step 00083 (9.9%) | loss: 4.695358 | lrm: 1.00 | dt: 414ms | tok/sec: 633,568 | mfu: 15.3% | epoch: 1 | remaining: 270s    
step 00084 (10.0%) | loss: 4.680802 | lrm: 1.00 | dt: 412ms | tok/sec: 635,643 | mfu: 15.4% | epoch: 1 | remaining: 270s    
step 00085 (10.2%) | loss: 4.664807 | lrm: 1.00 | dt: 414ms | tok/sec: 632,615 | mfu: 15.3% | epoch: 1 | remaining: 269s    
step 00086 (10.3%) | loss: 4.654204 | lrm: 1.00 | dt: 413ms | tok/sec: 635,464 | mfu: 15.4% | epoch: 1 | remaining: 269s    
step 00087 (10.4%) | loss: 4.640029 | lrm: 1.00 | dt: 414ms | tok/sec: 633,095 | mfu: 15.3% | epoch: 1 | remaining: 268s    
step 00088 (10.6%) | loss: 4.614855 | lrm: 1.00 | dt: 413ms | tok/sec: 635,382 | mfu: 15.4% | epoch: 1 | remaining: 268s    
step 00089 (10.7%) | loss: 4.596925 | lrm: 1.00 | dt: 414ms | tok/sec: 632,810 | mfu: 15.3% | epoch: 1 | remaining: 267s    
step 00090 (10.8%) | loss: 4.582877 | lrm: 1.00 | dt: 412ms | tok/sec: 635,858 | mfu: 15.4% | epoch: 1 | remaining: 267s    
step 00091 (11.0%) | loss: 4.566199 | lrm: 1.00 | dt: 414ms | tok/sec: 632,778 | mfu: 15.3% | epoch: 1 | remaining: 267s    
step 00092 (11.1%) | loss: 4.552107 | lrm: 1.00 | dt: 413ms | tok/sec: 634,973 | mfu: 15.3% | epoch: 1 | remaining: 266s    
step 00093 (11.3%) | loss: 4.528427 | lrm: 1.00 | dt: 414ms | tok/sec: 633,564 | mfu: 15.3% | epoch: 1 | remaining: 266s    
step 00094 (11.4%) | loss: 4.514946 | lrm: 1.00 | dt: 414ms | tok/sec: 633,198 | mfu: 15.3% | epoch: 1 | remaining: 265s    
step 00095 (11.5%) | loss: 4.499239 | lrm: 1.00 | dt: 415ms | tok/sec: 630,950 | mfu: 15.2% | epoch: 1 | remaining: 265s    
step 00096 (11.7%) | loss: 4.486174 | lrm: 1.00 | dt: 413ms | tok/sec: 634,203 | mfu: 15.3% | epoch: 1 | remaining: 265s    
step 00097 (11.8%) | loss: 4.475723 | lrm: 1.00 | dt: 415ms | tok/sec: 631,195 | mfu: 15.3% | epoch: 1 | remaining: 264s    
step 00098 (12.0%) | loss: 4.460443 | lrm: 1.00 | dt: 415ms | tok/sec: 632,405 | mfu: 15.3% | epoch: 1 | remaining: 264s    
step 00099 (12.1%) | loss: 4.441997 | lrm: 1.00 | dt: 415ms | tok/sec: 631,252 | mfu: 15.3% | epoch: 1 | remaining: 263s    
step 00100 (12.2%) | loss: 4.421155 | lrm: 1.00 | dt: 415ms | tok/sec: 631,459 | mfu: 15.3% | epoch: 1 | remaining: 263s    
step 00101 (12.4%) | loss: 4.402105 | lrm: 1.00 | dt: 415ms | tok/sec: 632,099 | mfu: 15.3% | epoch: 1 | remaining: 262s    
step 00102 (12.5%) | loss: 4.387726 | lrm: 1.00 | dt: 414ms | tok/sec: 632,484 | mfu: 15.3% | epoch: 1 | remaining: 262s    
step 00103 (12.6%) | loss: 4.377893 | lrm: 1.00 | dt: 414ms | tok/sec: 633,502 | mfu: 15.3% | epoch: 1 | remaining: 262s    
step 00104 (12.8%) | loss: 4.362033 | lrm: 1.00 | dt: 415ms | tok/sec: 632,267 | mfu: 15.3% | epoch: 1 | remaining: 261s    
step 00105 (12.9%) | loss: 4.346419 | lrm: 1.00 | dt: 416ms | tok/sec: 630,530 | mfu: 15.2% | epoch: 1 | remaining: 261s    
step 00106 (13.1%) | loss: 4.333966 | lrm: 1.00 | dt: 415ms | tok/sec: 631,559 | mfu: 15.3% | epoch: 1 | remaining: 260s    
step 00107 (13.2%) | loss: 4.321157 | lrm: 1.00 | dt: 414ms | tok/sec: 633,070 | mfu: 15.3% | epoch: 1 | remaining: 260s    
step 00108 (13.3%) | loss: 4.305882 | lrm: 1.00 | dt: 415ms | tok/sec: 631,113 | mfu: 15.2% | epoch: 1 | remaining: 260s    
step 00109 (13.5%) | loss: 4.298501 | lrm: 1.00 | dt: 415ms | tok/sec: 632,424 | mfu: 15.3% | epoch: 1 | remaining: 259s    
step 00110 (13.6%) | loss: 4.289799 | lrm: 1.00 | dt: 415ms | tok/sec: 631,247 | mfu: 15.3% | epoch: 1 | remaining: 259s    
step 00111 (13.7%) | loss: 4.277972 | lrm: 1.00 | dt: 415ms | tok/sec: 632,365 | mfu: 15.3% | epoch: 1 | remaining: 258s    
step 00112 (13.9%) | loss: 4.270079 | lrm: 1.00 | dt: 415ms | tok/sec: 631,173 | mfu: 15.3% | epoch: 1 | remaining: 258s    
step 00113 (14.0%) | loss: 4.257518 | lrm: 1.00 | dt: 414ms | tok/sec: 633,233 | mfu: 15.3% | epoch: 1 | remaining: 258s    
step 00114 (14.2%) | loss: 4.246104 | lrm: 1.00 | dt: 416ms | tok/sec: 630,856 | mfu: 15.2% | epoch: 1 | remaining: 257s    
step 00115 (14.3%) | loss: 4.233143 | lrm: 1.00 | dt: 415ms | tok/sec: 631,419 | mfu: 15.3% | epoch: 1 | remaining: 257s    
step 00116 (14.4%) | loss: 4.218504 | lrm: 1.00 | dt: 415ms | tok/sec: 631,076 | mfu: 15.2% | epoch: 1 | remaining: 256s    
step 00117 (14.6%) | loss: 4.203350 | lrm: 1.00 | dt: 415ms | tok/sec: 632,226 | mfu: 15.3% | epoch: 1 | remaining: 256s    
step 00118 (14.7%) | loss: 4.196712 | lrm: 1.00 | dt: 415ms | tok/sec: 630,956 | mfu: 15.2% | epoch: 1 | remaining: 255s    
step 00119 (14.9%) | loss: 4.179505 | lrm: 1.00 | dt: 415ms | tok/sec: 632,235 | mfu: 15.3% | epoch: 1 | remaining: 255s    
step 00120 (15.0%) | loss: 4.168962 | lrm: 1.00 | dt: 415ms | tok/sec: 631,046 | mfu: 15.2% | epoch: 1 | remaining: 255s    
step 00121 (15.1%) | loss: 4.160344 | lrm: 1.00 | dt: 414ms | tok/sec: 632,497 | mfu: 15.3% | epoch: 1 | remaining: 254s    
step 00122 (15.3%) | loss: 4.149801 | lrm: 1.00 | dt: 416ms | tok/sec: 630,836 | mfu: 15.2% | epoch: 1 | remaining: 254s    
step 00123 (15.4%) | loss: 4.140746 | lrm: 1.00 | dt: 415ms | tok/sec: 631,374 | mfu: 15.3% | epoch: 1 | remaining: 253s    
step 00124 (15.5%) | loss: 4.128001 | lrm: 1.00 | dt: 416ms | tok/sec: 629,865 | mfu: 15.2% | epoch: 1 | remaining: 253s    
step 00125 (15.7%) | loss: 4.111947 | lrm: 1.00 | dt: 416ms | tok/sec: 630,674 | mfu: 15.2% | epoch: 1 | remaining: 253s    
step 00126 (15.8%) | loss: 4.097175 | lrm: 1.00 | dt: 415ms | tok/sec: 631,812 | mfu: 15.3% | epoch: 1 | remaining: 252s    
step 00127 (16.0%) | loss: 4.084294 | lrm: 1.00 | dt: 416ms | tok/sec: 630,762 | mfu: 15.2% | epoch: 1 | remaining: 252s    
step 00128 (16.1%) | loss: 4.068423 | lrm: 1.00 | dt: 415ms | tok/sec: 631,524 | mfu: 15.3% | epoch: 1 | remaining: 251s    
step 00129 (16.2%) | loss: 4.061638 | lrm: 1.00 | dt: 415ms | tok/sec: 631,730 | mfu: 15.3% | epoch: 1 | remaining: 251s    
step 00130 (16.4%) | loss: 4.050113 | lrm: 1.00 | dt: 415ms | tok/sec: 631,659 | mfu: 15.3% | epoch: 1 | remaining: 250s    
step 00131 (16.5%) | loss: 4.041807 | lrm: 1.00 | dt: 416ms | tok/sec: 630,200 | mfu: 15.2% | epoch: 1 | remaining: 250s    
step 00132 (16.7%) | loss: 4.038074 | lrm: 1.00 | dt: 415ms | tok/sec: 631,903 | mfu: 15.3% | epoch: 1 | remaining: 250s    
step 00133 (16.8%) | loss: 4.036449 | lrm: 1.00 | dt: 416ms | tok/sec: 629,781 | mfu: 15.2% | epoch: 1 | remaining: 249s    
step 00134 (16.9%) | loss: 4.026831 | lrm: 1.00 | dt: 415ms | tok/sec: 631,286 | mfu: 15.3% | epoch: 1 | remaining: 249s    
step 00135 (17.1%) | loss: 4.016391 | lrm: 1.00 | dt: 416ms | tok/sec: 629,959 | mfu: 15.2% | epoch: 1 | remaining: 248s    
step 00136 (17.2%) | loss: 4.011232 | lrm: 1.00 | dt: 415ms | tok/sec: 631,886 | mfu: 15.3% | epoch: 1 | remaining: 248s    
step 00137 (17.3%) | loss: 4.004616 | lrm: 1.00 | dt: 415ms | tok/sec: 631,351 | mfu: 15.3% | epoch: 1 | remaining: 248s    
step 00138 (17.5%) | loss: 3.993940 | lrm: 1.00 | dt: 415ms | tok/sec: 631,968 | mfu: 15.3% | epoch: 1 | remaining: 247s    
step 00139 (17.6%) | loss: 3.984021 | lrm: 1.00 | dt: 416ms | tok/sec: 630,894 | mfu: 15.2% | epoch: 1 | remaining: 247s    
step 00140 (17.8%) | loss: 3.975384 | lrm: 1.00 | dt: 416ms | tok/sec: 629,990 | mfu: 15.2% | epoch: 1 | remaining: 246s    
step 00141 (17.9%) | loss: 3.961789 | lrm: 1.00 | dt: 415ms | tok/sec: 630,912 | mfu: 15.2% | epoch: 1 | remaining: 246s    
step 00142 (18.0%) | loss: 3.965965 | lrm: 1.00 | dt: 416ms | tok/sec: 630,684 | mfu: 15.2% | epoch: 1 | remaining: 245s    
step 00143 (18.2%) | loss: 3.946680 | lrm: 1.00 | dt: 415ms | tok/sec: 631,105 | mfu: 15.2% | epoch: 1 | remaining: 245s    
step 00144 (18.3%) | loss: 3.936594 | lrm: 1.00 | dt: 415ms | tok/sec: 631,926 | mfu: 15.3% | epoch: 1 | remaining: 245s    
step 00145 (18.5%) | loss: 3.936780 | lrm: 1.00 | dt: 415ms | tok/sec: 631,562 | mfu: 15.3% | epoch: 1 | remaining: 244s    
step 00146 (18.6%) | loss: 3.922376 | lrm: 1.00 | dt: 416ms | tok/sec: 630,104 | mfu: 15.2% | epoch: 1 | remaining: 244s    
step 00147 (18.7%) | loss: 3.917535 | lrm: 1.00 | dt: 416ms | tok/sec: 629,501 | mfu: 15.2% | epoch: 1 | remaining: 243s    
step 00148 (18.9%) | loss: 3.906950 | lrm: 1.00 | dt: 415ms | tok/sec: 631,089 | mfu: 15.2% | epoch: 1 | remaining: 243s    
step 00149 (19.0%) | loss: 3.898833 | lrm: 1.00 | dt: 416ms | tok/sec: 630,216 | mfu: 15.2% | epoch: 1 | remaining: 243s    
step 00150 (19.1%) | loss: 3.895895 | lrm: 1.00 | dt: 415ms | tok/sec: 631,787 | mfu: 15.3% | epoch: 1 | remaining: 242s    
step 00151 (19.3%) | loss: 3.891821 | lrm: 1.00 | dt: 416ms | tok/sec: 630,745 | mfu: 15.2% | epoch: 1 | remaining: 242s    
step 00152 (19.4%) | loss: 3.882918 | lrm: 1.00 | dt: 416ms | tok/sec: 629,885 | mfu: 15.2% | epoch: 1 | remaining: 241s    
step 00153 (19.6%) | loss: 3.876361 | lrm: 1.00 | dt: 416ms | tok/sec: 630,910 | mfu: 15.2% | epoch: 1 | remaining: 241s    
step 00154 (19.7%) | loss: 3.876203 | lrm: 1.00 | dt: 416ms | tok/sec: 630,312 | mfu: 15.2% | epoch: 1 | remaining: 240s    
step 00155 (19.8%) | loss: 3.871719 | lrm: 1.00 | dt: 415ms | tok/sec: 631,513 | mfu: 15.3% | epoch: 1 | remaining: 240s    
step 00156 (20.0%) | loss: 3.863002 | lrm: 1.00 | dt: 415ms | tok/sec: 631,951 | mfu: 15.3% | epoch: 1 | remaining: 240s    
step 00157 (20.1%) | loss: 3.852879 | lrm: 1.00 | dt: 416ms | tok/sec: 630,626 | mfu: 15.2% | epoch: 1 | remaining: 239s    
step 00158 (20.3%) | loss: 3.841913 | lrm: 1.00 | dt: 416ms | tok/sec: 630,732 | mfu: 15.2% | epoch: 1 | remaining: 239s    
step 00159 (20.4%) | loss: 3.837209 | lrm: 1.00 | dt: 416ms | tok/sec: 629,877 | mfu: 15.2% | epoch: 1 | remaining: 238s    
step 00160 (20.5%) | loss: 3.830153 | lrm: 1.00 | dt: 416ms | tok/sec: 630,172 | mfu: 15.2% | epoch: 1 | remaining: 238s    
step 00161 (20.7%) | loss: 3.830552 | lrm: 1.00 | dt: 416ms | tok/sec: 630,380 | mfu: 15.2% | epoch: 1 | remaining: 238s    
step 00162 (20.8%) | loss: 3.826645 | lrm: 1.00 | dt: 415ms | tok/sec: 631,025 | mfu: 15.2% | epoch: 1 | remaining: 237s    
step 00163 (20.9%) | loss: 3.821149 | lrm: 1.00 | dt: 415ms | tok/sec: 631,195 | mfu: 15.3% | epoch: 1 | remaining: 237s    
step 00164 (21.1%) | loss: 3.818651 | lrm: 1.00 | dt: 418ms | tok/sec: 627,713 | mfu: 15.2% | epoch: 1 | remaining: 236s    
step 00165 (21.2%) | loss: 3.819127 | lrm: 1.00 | dt: 415ms | tok/sec: 631,641 | mfu: 15.3% | epoch: 1 | remaining: 236s    
step 00166 (21.4%) | loss: 3.815476 | lrm: 1.00 | dt: 415ms | tok/sec: 631,146 | mfu: 15.2% | epoch: 1 | remaining: 235s    
step 00167 (21.5%) | loss: 3.807325 | lrm: 1.00 | dt: 417ms | tok/sec: 628,627 | mfu: 15.2% | epoch: 1 | remaining: 235s    
step 00168 (21.6%) | loss: 3.806915 | lrm: 1.00 | dt: 416ms | tok/sec: 630,814 | mfu: 15.2% | epoch: 1 | remaining: 235s    
step 00169 (21.8%) | loss: 3.799418 | lrm: 1.00 | dt: 416ms | tok/sec: 630,345 | mfu: 15.2% | epoch: 1 | remaining: 234s    
step 00170 (21.9%) | loss: 3.793005 | lrm: 1.00 | dt: 415ms | tok/sec: 631,004 | mfu: 15.2% | epoch: 1 | remaining: 234s    
step 00171 (22.1%) | loss: 3.796014 | lrm: 1.00 | dt: 415ms | tok/sec: 630,935 | mfu: 15.2% | epoch: 1 | remaining: 233s    
step 00172 (22.2%) | loss: 3.785010 | lrm: 1.00 | dt: 416ms | tok/sec: 630,375 | mfu: 15.2% | epoch: 1 | remaining: 233s    
step 00173 (22.3%) | loss: 3.782572 | lrm: 1.00 | dt: 415ms | tok/sec: 631,445 | mfu: 15.3% | epoch: 1 | remaining: 233s    
step 00174 (22.5%) | loss: 3.777753 | lrm: 1.00 | dt: 417ms | tok/sec: 628,370 | mfu: 15.2% | epoch: 1 | remaining: 232s    
step 00175 (22.6%) | loss: 3.776827 | lrm: 1.00 | dt: 415ms | tok/sec: 630,945 | mfu: 15.2% | epoch: 1 | remaining: 232s    
step 00176 (22.8%) | loss: 3.766624 | lrm: 1.00 | dt: 416ms | tok/sec: 629,894 | mfu: 15.2% | epoch: 1 | remaining: 231s    
step 00177 (22.9%) | loss: 3.760819 | lrm: 1.00 | dt: 416ms | tok/sec: 629,460 | mfu: 15.2% | epoch: 1 | remaining: 231s    
step 00178 (23.0%) | loss: 3.751316 | lrm: 1.00 | dt: 415ms | tok/sec: 631,381 | mfu: 15.3% | epoch: 1 | remaining: 230s    
step 00179 (23.2%) | loss: 3.745470 | lrm: 1.00 | dt: 416ms | tok/sec: 629,707 | mfu: 15.2% | epoch: 1 | remaining: 230s    
step 00180 (23.3%) | loss: 3.743363 | lrm: 1.00 | dt: 416ms | tok/sec: 630,722 | mfu: 15.2% | epoch: 1 | remaining: 230s    
step 00181 (23.4%) | loss: 3.746580 | lrm: 1.00 | dt: 415ms | tok/sec: 630,957 | mfu: 15.2% | epoch: 1 | remaining: 229s    
step 00182 (23.6%) | loss: 3.741880 | lrm: 1.00 | dt: 417ms | tok/sec: 628,853 | mfu: 15.2% | epoch: 1 | remaining: 229s    
step 00183 (23.7%) | loss: 3.739527 | lrm: 1.00 | dt: 415ms | tok/sec: 631,152 | mfu: 15.2% | epoch: 1 | remaining: 228s    
step 00184 (23.9%) | loss: 3.728628 | lrm: 1.00 | dt: 416ms | tok/sec: 630,450 | mfu: 15.2% | epoch: 1 | remaining: 228s    
step 00185 (24.0%) | loss: 3.724993 | lrm: 1.00 | dt: 416ms | tok/sec: 630,844 | mfu: 15.2% | epoch: 1 | remaining: 228s    
step 00186 (24.1%) | loss: 3.722478 | lrm: 1.00 | dt: 415ms | tok/sec: 631,088 | mfu: 15.2% | epoch: 1 | remaining: 227s    
step 00187 (24.3%) | loss: 3.721274 | lrm: 1.00 | dt: 417ms | tok/sec: 629,330 | mfu: 15.2% | epoch: 1 | remaining: 227s    
step 00188 (24.4%) | loss: 3.719333 | lrm: 1.00 | dt: 416ms | tok/sec: 630,468 | mfu: 15.2% | epoch: 1 | remaining: 226s    
step 00189 (24.6%) | loss: 3.717925 | lrm: 1.00 | dt: 416ms | tok/sec: 630,230 | mfu: 15.2% | epoch: 1 | remaining: 226s    
step 00190 (24.7%) | loss: 3.717135 | lrm: 1.00 | dt: 416ms | tok/sec: 630,545 | mfu: 15.2% | epoch: 1 | remaining: 226s    
step 00191 (24.8%) | loss: 3.714925 | lrm: 1.00 | dt: 417ms | tok/sec: 629,225 | mfu: 15.2% | epoch: 1 | remaining: 225s    
step 00192 (25.0%) | loss: 3.716952 | lrm: 1.00 | dt: 416ms | tok/sec: 630,098 | mfu: 15.2% | epoch: 1 | remaining: 225s    
step 00193 (25.1%) | loss: 3.708276 | lrm: 1.00 | dt: 415ms | tok/sec: 631,308 | mfu: 15.3% | epoch: 1 | remaining: 224s    
step 00194 (25.2%) | loss: 3.705817 | lrm: 1.00 | dt: 416ms | tok/sec: 629,496 | mfu: 15.2% | epoch: 1 | remaining: 224s    
step 00195 (25.4%) | loss: 3.706473 | lrm: 1.00 | dt: 416ms | tok/sec: 630,896 | mfu: 15.2% | epoch: 1 | remaining: 223s    
step 00196 (25.5%) | loss: 3.705885 | lrm: 1.00 | dt: 416ms | tok/sec: 629,665 | mfu: 15.2% | epoch: 1 | remaining: 223s    
step 00197 (25.7%) | loss: 3.703517 | lrm: 1.00 | dt: 417ms | tok/sec: 628,937 | mfu: 15.2% | epoch: 1 | remaining: 223s    
step 00198 (25.8%) | loss: 3.697948 | lrm: 1.00 | dt: 415ms | tok/sec: 631,283 | mfu: 15.3% | epoch: 1 | remaining: 222s    
step 00199 (25.9%) | loss: 3.699892 | lrm: 1.00 | dt: 416ms | tok/sec: 630,023 | mfu: 15.2% | epoch: 1 | remaining: 222s    
step 00200 (26.1%) | loss: 3.697341 | lrm: 1.00 | dt: 416ms | tok/sec: 630,241 | mfu: 15.2% | epoch: 1 | remaining: 221s    
step 00201 (26.2%) | loss: 3.698522 | lrm: 1.00 | dt: 416ms | tok/sec: 630,842 | mfu: 15.2% | epoch: 1 | remaining: 221s    
step 00202 (26.4%) | loss: 3.686928 | lrm: 1.00 | dt: 416ms | tok/sec: 630,025 | mfu: 15.2% | epoch: 1 | remaining: 221s    
step 00203 (26.5%) | loss: 3.681201 | lrm: 1.00 | dt: 417ms | tok/sec: 629,293 | mfu: 15.2% | epoch: 1 | remaining: 220s    
step 00204 (26.6%) | loss: 3.677562 | lrm: 1.00 | dt: 416ms | tok/sec: 629,972 | mfu: 15.2% | epoch: 1 | remaining: 220s    
step 00205 (26.8%) | loss: 3.673414 | lrm: 1.00 | dt: 415ms | tok/sec: 631,221 | mfu: 15.3% | epoch: 1 | remaining: 219s    
step 00206 (26.9%) | loss: 3.672405 | lrm: 1.00 | dt: 416ms | tok/sec: 630,223 | mfu: 15.2% | epoch: 1 | remaining: 219s    
step 00207 (27.0%) | loss: 3.663517 | lrm: 1.00 | dt: 416ms | tok/sec: 629,755 | mfu: 15.2% | epoch: 1 | remaining: 218s    
step 00208 (27.2%) | loss: 3.649689 | lrm: 1.00 | dt: 415ms | tok/sec: 631,254 | mfu: 15.3% | epoch: 1 | remaining: 218s    
step 00209 (27.3%) | loss: 3.646420 | lrm: 1.00 | dt: 416ms | tok/sec: 630,256 | mfu: 15.2% | epoch: 1 | remaining: 218s    
step 00210 (27.5%) | loss: 3.640936 | lrm: 1.00 | dt: 415ms | tok/sec: 630,923 | mfu: 15.2% | epoch: 1 | remaining: 217s    
step 00211 (27.6%) | loss: 3.635655 | lrm: 1.00 | dt: 416ms | tok/sec: 630,503 | mfu: 15.2% | epoch: 1 | remaining: 217s    
step 00212 (27.7%) | loss: 3.636379 | lrm: 1.00 | dt: 417ms | tok/sec: 628,791 | mfu: 15.2% | epoch: 1 | remaining: 216s    
step 00213 (27.9%) | loss: 3.635828 | lrm: 1.00 | dt: 415ms | tok/sec: 630,948 | mfu: 15.2% | epoch: 1 | remaining: 216s    
step 00214 (28.0%) | loss: 3.632816 | lrm: 1.00 | dt: 416ms | tok/sec: 629,678 | mfu: 15.2% | epoch: 1 | remaining: 216s    
step 00215 (28.2%) | loss: 3.637787 | lrm: 1.00 | dt: 416ms | tok/sec: 629,685 | mfu: 15.2% | epoch: 1 | remaining: 215s    
step 00216 (28.3%) | loss: 3.634101 | lrm: 1.00 | dt: 415ms | tok/sec: 631,490 | mfu: 15.3% | epoch: 1 | remaining: 215s    
step 00217 (28.4%) | loss: 3.638266 | lrm: 1.00 | dt: 416ms | tok/sec: 629,981 | mfu: 15.2% | epoch: 1 | remaining: 214s    
step 00218 (28.6%) | loss: 3.631473 | lrm: 1.00 | dt: 416ms | tok/sec: 630,130 | mfu: 15.2% | epoch: 1 | remaining: 214s    
step 00219 (28.7%) | loss: 3.632764 | lrm: 1.00 | dt: 417ms | tok/sec: 628,127 | mfu: 15.2% | epoch: 1 | remaining: 213s    
step 00220 (28.9%) | loss: 3.631658 | lrm: 1.00 | dt: 416ms | tok/sec: 630,727 | mfu: 15.2% | epoch: 1 | remaining: 213s    
step 00221 (29.0%) | loss: 3.627756 | lrm: 1.00 | dt: 416ms | tok/sec: 630,797 | mfu: 15.2% | epoch: 1 | remaining: 213s    
step 00222 (29.1%) | loss: 3.628012 | lrm: 1.00 | dt: 416ms | tok/sec: 630,884 | mfu: 15.2% | epoch: 1 | remaining: 212s    
step 00223 (29.3%) | loss: 3.632203 | lrm: 1.00 | dt: 416ms | tok/sec: 630,501 | mfu: 15.2% | epoch: 1 | remaining: 212s    
step 00224 (29.4%) | loss: 3.628862 | lrm: 1.00 | dt: 416ms | tok/sec: 629,713 | mfu: 15.2% | epoch: 1 | remaining: 211s    
step 00225 (29.5%) | loss: 3.623251 | lrm: 1.00 | dt: 416ms | tok/sec: 629,980 | mfu: 15.2% | epoch: 1 | remaining: 211s    
step 00226 (29.7%) | loss: 3.629406 | lrm: 1.00 | dt: 416ms | tok/sec: 630,219 | mfu: 15.2% | epoch: 1 | remaining: 211s    
step 00227 (29.8%) | loss: 3.634713 | lrm: 1.00 | dt: 416ms | tok/sec: 629,890 | mfu: 15.2% | epoch: 1 | remaining: 210s    
step 00228 (30.0%) | loss: 3.627452 | lrm: 1.00 | dt: 416ms | tok/sec: 630,829 | mfu: 15.2% | epoch: 1 | remaining: 210s    
step 00229 (30.1%) | loss: 3.621680 | lrm: 1.00 | dt: 416ms | tok/sec: 629,733 | mfu: 15.2% | epoch: 1 | remaining: 209s    
step 00230 (30.2%) | loss: 3.621475 | lrm: 1.00 | dt: 416ms | tok/sec: 630,252 | mfu: 15.2% | epoch: 1 | remaining: 209s    
step 00231 (30.4%) | loss: 3.622447 | lrm: 1.00 | dt: 416ms | tok/sec: 629,828 | mfu: 15.2% | epoch: 1 | remaining: 208s    
step 00232 (30.5%) | loss: 3.624377 | lrm: 1.00 | dt: 416ms | tok/sec: 629,469 | mfu: 15.2% | epoch: 1 | remaining: 208s    
step 00233 (30.7%) | loss: 3.616038 | lrm: 1.00 | dt: 416ms | tok/sec: 629,762 | mfu: 15.2% | epoch: 1 | remaining: 208s    
step 00234 (30.8%) | loss: 3.613439 | lrm: 1.00 | dt: 416ms | tok/sec: 630,818 | mfu: 15.2% | epoch: 1 | remaining: 207s    
step 00235 (30.9%) | loss: 3.619181 | lrm: 1.00 | dt: 417ms | tok/sec: 629,050 | mfu: 15.2% | epoch: 1 | remaining: 207s    
step 00236 (31.1%) | loss: 3.619383 | lrm: 1.00 | dt: 415ms | tok/sec: 631,016 | mfu: 15.2% | epoch: 1 | remaining: 206s    
step 00237 (31.2%) | loss: 3.610708 | lrm: 1.00 | dt: 416ms | tok/sec: 630,797 | mfu: 15.2% | epoch: 1 | remaining: 206s    
step 00238 (31.3%) | loss: 3.603459 | lrm: 1.00 | dt: 415ms | tok/sec: 630,955 | mfu: 15.2% | epoch: 1 | remaining: 206s    
step 00239 (31.5%) | loss: 3.600203 | lrm: 1.00 | dt: 415ms | tok/sec: 631,548 | mfu: 15.3% | epoch: 1 | remaining: 205s    
step 00240 (31.6%) | loss: 3.598426 | lrm: 1.00 | dt: 417ms | tok/sec: 629,275 | mfu: 15.2% | epoch: 1 | remaining: 205s    
step 00241 (31.8%) | loss: 3.598838 | lrm: 1.00 | dt: 415ms | tok/sec: 631,981 | mfu: 15.3% | epoch: 1 | remaining: 204s    
step 00242 (31.9%) | loss: 3.593543 | lrm: 1.00 | dt: 416ms | tok/sec: 629,726 | mfu: 15.2% | epoch: 1 | remaining: 204s    
step 00243 (32.0%) | loss: 3.588723 | lrm: 1.00 | dt: 416ms | tok/sec: 629,506 | mfu: 15.2% | epoch: 1 | remaining: 203s    
step 00244 (32.2%) | loss: 3.578614 | lrm: 1.00 | dt: 414ms | tok/sec: 632,900 | mfu: 15.3% | epoch: 1 | remaining: 203s    
step 00245 (32.3%) | loss: 3.575399 | lrm: 1.00 | dt: 416ms | tok/sec: 629,763 | mfu: 15.2% | epoch: 1 | remaining: 203s    
step 00246 (32.5%) | loss: 3.571735 | lrm: 1.00 | dt: 415ms | tok/sec: 631,061 | mfu: 15.2% | epoch: 1 | remaining: 202s    
step 00247 (32.6%) | loss: 3.569941 | lrm: 1.00 | dt: 416ms | tok/sec: 629,807 | mfu: 15.2% | epoch: 1 | remaining: 202s    
step 00248 (32.7%) | loss: 3.572100 | lrm: 1.00 | dt: 415ms | tok/sec: 631,708 | mfu: 15.3% | epoch: 1 | remaining: 201s    
step 00249 (32.9%) | loss: 3.574542 | lrm: 1.00 | dt: 415ms | tok/sec: 631,891 | mfu: 15.3% | epoch: 1 | remaining: 201s    
step 00250 (33.0%) | loss: 3.575714 | lrm: 1.00 | dt: 417ms | tok/sec: 628,890 | mfu: 15.2% | epoch: 1 | remaining: 201s    
step 00251 (33.1%) | loss: 3.569847 | lrm: 1.00 | dt: 415ms | tok/sec: 631,914 | mfu: 15.3% | epoch: 1 | remaining: 200s    
step 00252 (33.3%) | loss: 3.567436 | lrm: 1.00 | dt: 415ms | tok/sec: 630,968 | mfu: 15.2% | epoch: 1 | remaining: 200s    
step 00253 (33.4%) | loss: 3.565147 | lrm: 1.00 | dt: 415ms | tok/sec: 631,162 | mfu: 15.2% | epoch: 1 | remaining: 199s    
step 00254 (33.6%) | loss: 3.569964 | lrm: 1.00 | dt: 415ms | tok/sec: 631,392 | mfu: 15.3% | epoch: 1 | remaining: 199s    
step 00255 (33.7%) | loss: 3.565929 | lrm: 1.00 | dt: 416ms | tok/sec: 630,444 | mfu: 15.2% | epoch: 1 | remaining: 198s    
step 00256 (33.8%) | loss: 3.565638 | lrm: 1.00 | dt: 414ms | tok/sec: 632,450 | mfu: 15.3% | epoch: 1 | remaining: 198s    
step 00257 (34.0%) | loss: 3.560414 | lrm: 1.00 | dt: 416ms | tok/sec: 629,949 | mfu: 15.2% | epoch: 1 | remaining: 198s    
step 00258 (34.1%) | loss: 3.555548 | lrm: 1.00 | dt: 415ms | tok/sec: 631,875 | mfu: 15.3% | epoch: 1 | remaining: 197s    
step 00259 (34.3%) | loss: 3.554386 | lrm: 1.00 | dt: 416ms | tok/sec: 630,449 | mfu: 15.2% | epoch: 1 | remaining: 197s    
step 00260 (34.4%) | loss: 3.555168 | lrm: 1.00 | dt: 416ms | tok/sec: 629,952 | mfu: 15.2% | epoch: 1 | remaining: 196s    
step 00261 (34.5%) | loss: 3.557493 | lrm: 1.00 | dt: 415ms | tok/sec: 631,177 | mfu: 15.3% | epoch: 1 | remaining: 196s    
step 00262 (34.7%) | loss: 3.553640 | lrm: 1.00 | dt: 416ms | tok/sec: 629,428 | mfu: 15.2% | epoch: 1 | remaining: 196s    
step 00263 (34.8%) | loss: 3.547486 | lrm: 1.00 | dt: 416ms | tok/sec: 630,609 | mfu: 15.2% | epoch: 1 | remaining: 195s    
step 00264 (34.9%) | loss: 3.547092 | lrm: 1.00 | dt: 415ms | tok/sec: 631,114 | mfu: 15.2% | epoch: 1 | remaining: 195s    
step 00265 (35.1%) | loss: 3.547094 | lrm: 1.00 | dt: 416ms | tok/sec: 629,735 | mfu: 15.2% | epoch: 1 | remaining: 194s    
step 00266 (35.2%) | loss: 3.553476 | lrm: 1.00 | dt: 415ms | tok/sec: 632,101 | mfu: 15.3% | epoch: 1 | remaining: 194s    
step 00267 (35.4%) | loss: 3.553206 | lrm: 1.00 | dt: 416ms | tok/sec: 630,290 | mfu: 15.2% | epoch: 1 | remaining: 193s    
step 00268 (35.5%) | loss: 3.552200 | lrm: 1.00 | dt: 415ms | tok/sec: 630,968 | mfu: 15.2% | epoch: 1 | remaining: 193s    
step 00269 (35.6%) | loss: 3.547621 | lrm: 1.00 | dt: 416ms | tok/sec: 630,348 | mfu: 15.2% | epoch: 1 | remaining: 193s    
step 00270 (35.8%) | loss: 3.550078 | lrm: 1.00 | dt: 415ms | tok/sec: 631,204 | mfu: 15.3% | epoch: 1 | remaining: 192s    
step 00271 (35.9%) | loss: 3.538580 | lrm: 1.00 | dt: 416ms | tok/sec: 630,666 | mfu: 15.2% | epoch: 1 | remaining: 192s    
step 00272 (36.1%) | loss: 3.539706 | lrm: 1.00 | dt: 416ms | tok/sec: 629,942 | mfu: 15.2% | epoch: 1 | remaining: 191s    
step 00273 (36.2%) | loss: 3.539409 | lrm: 1.00 | dt: 414ms | tok/sec: 632,969 | mfu: 15.3% | epoch: 1 | remaining: 191s    
step 00274 (36.3%) | loss: 3.535664 | lrm: 1.00 | dt: 417ms | tok/sec: 629,382 | mfu: 15.2% | epoch: 1 | remaining: 191s    
step 00275 (36.5%) | loss: 3.530812 | lrm: 1.00 | dt: 415ms | tok/sec: 631,690 | mfu: 15.3% | epoch: 1 | remaining: 190s    
step 00276 (36.6%) | loss: 3.521745 | lrm: 1.00 | dt: 416ms | tok/sec: 629,896 | mfu: 15.2% | epoch: 1 | remaining: 190s    
step 00277 (36.8%) | loss: 3.525486 | lrm: 1.00 | dt: 415ms | tok/sec: 631,411 | mfu: 15.3% | epoch: 1 | remaining: 189s    
step 00278 (36.9%) | loss: 3.530312 | lrm: 1.00 | dt: 415ms | tok/sec: 631,127 | mfu: 15.2% | epoch: 1 | remaining: 189s    
step 00279 (37.0%) | loss: 3.521407 | lrm: 1.00 | dt: 416ms | tok/sec: 630,281 | mfu: 15.2% | epoch: 1 | remaining: 189s    
step 00280 (37.2%) | loss: 3.517298 | lrm: 1.00 | dt: 416ms | tok/sec: 630,328 | mfu: 15.2% | epoch: 1 | remaining: 188s    
step 00281 (37.3%) | loss: 3.514153 | lrm: 1.00 | dt: 416ms | tok/sec: 629,420 | mfu: 15.2% | epoch: 1 | remaining: 188s    
step 00282 (37.4%) | loss: 3.514869 | lrm: 1.00 | dt: 414ms | tok/sec: 632,577 | mfu: 15.3% | epoch: 1 | remaining: 187s    
step 00283 (37.6%) | loss: 3.510171 | lrm: 1.00 | dt: 417ms | tok/sec: 629,137 | mfu: 15.2% | epoch: 1 | remaining: 187s    
step 00284 (37.7%) | loss: 3.510026 | lrm: 1.00 | dt: 415ms | tok/sec: 631,993 | mfu: 15.3% | epoch: 1 | remaining: 186s    
step 00285 (37.9%) | loss: 3.512715 | lrm: 1.00 | dt: 417ms | tok/sec: 629,380 | mfu: 15.2% | epoch: 1 | remaining: 186s    
step 00286 (38.0%) | loss: 3.513614 | lrm: 1.00 | dt: 415ms | tok/sec: 631,547 | mfu: 15.3% | epoch: 1 | remaining: 186s    
step 00287 (38.1%) | loss: 3.513869 | lrm: 1.00 | dt: 415ms | tok/sec: 631,151 | mfu: 15.2% | epoch: 1 | remaining: 185s    
step 00288 (38.3%) | loss: 3.513202 | lrm: 1.00 | dt: 416ms | tok/sec: 630,748 | mfu: 15.2% | epoch: 1 | remaining: 185s    
step 00289 (38.4%) | loss: 3.506984 | lrm: 1.00 | dt: 416ms | tok/sec: 630,680 | mfu: 15.2% | epoch: 1 | remaining: 184s    
step 00290 (38.6%) | loss: 3.507705 | lrm: 1.00 | dt: 417ms | tok/sec: 628,661 | mfu: 15.2% | epoch: 1 | remaining: 184s    
step 00291 (38.7%) | loss: 3.505865 | lrm: 1.00 | dt: 415ms | tok/sec: 631,830 | mfu: 15.3% | epoch: 1 | remaining: 184s    
step 00292 (38.8%) | loss: 3.506668 | lrm: 1.00 | dt: 416ms | tok/sec: 629,953 | mfu: 15.2% | epoch: 1 | remaining: 183s    
step 00293 (39.0%) | loss: 3.507141 | lrm: 1.00 | dt: 416ms | tok/sec: 630,142 | mfu: 15.2% | epoch: 1 | remaining: 183s    
step 00294 (39.1%) | loss: 3.501185 | lrm: 1.00 | dt: 416ms | tok/sec: 630,491 | mfu: 15.2% | epoch: 1 | remaining: 182s    
step 00295 (39.2%) | loss: 3.500087 | lrm: 1.00 | dt: 416ms | tok/sec: 630,025 | mfu: 15.2% | epoch: 1 | remaining: 182s    
step 00296 (39.4%) | loss: 3.499678 | lrm: 1.00 | dt: 415ms | tok/sec: 631,267 | mfu: 15.3% | epoch: 1 | remaining: 181s    
step 00297 (39.5%) | loss: 3.494511 | lrm: 1.00 | dt: 417ms | tok/sec: 629,233 | mfu: 15.2% | epoch: 1 | remaining: 181s    
step 00298 (39.7%) | loss: 3.494261 | lrm: 1.00 | dt: 415ms | tok/sec: 631,192 | mfu: 15.3% | epoch: 1 | remaining: 181s    
step 00299 (39.8%) | loss: 3.484771 | lrm: 1.00 | dt: 416ms | tok/sec: 630,260 | mfu: 15.2% | epoch: 1 | remaining: 180s    
step 00300 (39.9%) | loss: 3.482189 | lrm: 1.00 | dt: 416ms | tok/sec: 630,599 | mfu: 15.2% | epoch: 1 | remaining: 180s    
step 00301 (40.1%) | loss: 3.479333 | lrm: 1.00 | dt: 415ms | tok/sec: 632,071 | mfu: 15.3% | epoch: 1 | remaining: 179s    
step 00302 (40.2%) | loss: 3.482568 | lrm: 1.00 | dt: 416ms | tok/sec: 630,592 | mfu: 15.2% | epoch: 1 | remaining: 179s    
step 00303 (40.4%) | loss: 3.482456 | lrm: 1.00 | dt: 415ms | tok/sec: 631,162 | mfu: 15.2% | epoch: 1 | remaining: 179s    
step 00304 (40.5%) | loss: 3.478400 | lrm: 1.00 | dt: 416ms | tok/sec: 630,380 | mfu: 15.2% | epoch: 1 | remaining: 178s    
step 00305 (40.6%) | loss: 3.475603 | lrm: 1.00 | dt: 416ms | tok/sec: 630,842 | mfu: 15.2% | epoch: 1 | remaining: 178s    
step 00306 (40.8%) | loss: 3.476625 | lrm: 1.00 | dt: 415ms | tok/sec: 631,839 | mfu: 15.3% | epoch: 1 | remaining: 177s    
step 00307 (40.9%) | loss: 3.486933 | lrm: 1.00 | dt: 416ms | tok/sec: 629,987 | mfu: 15.2% | epoch: 1 | remaining: 177s    
step 00308 (41.0%) | loss: 3.488256 | lrm: 1.00 | dt: 415ms | tok/sec: 631,714 | mfu: 15.3% | epoch: 1 | remaining: 176s    
step 00309 (41.2%) | loss: 3.487157 | lrm: 1.00 | dt: 416ms | tok/sec: 630,403 | mfu: 15.2% | epoch: 1 | remaining: 176s    
step 00310 (41.3%) | loss: 3.482690 | lrm: 1.00 | dt: 416ms | tok/sec: 630,806 | mfu: 15.2% | epoch: 1 | remaining: 176s    
step 00311 (41.5%) | loss: 3.477997 | lrm: 1.00 | dt: 416ms | tok/sec: 630,438 | mfu: 15.2% | epoch: 1 | remaining: 175s    
step 00312 (41.6%) | loss: 3.476307 | lrm: 1.00 | dt: 417ms | tok/sec: 629,353 | mfu: 15.2% | epoch: 1 | remaining: 175s    
step 00313 (41.7%) | loss: 3.471768 | lrm: 1.00 | dt: 415ms | tok/sec: 632,043 | mfu: 15.3% | epoch: 1 | remaining: 174s    
step 00314 (41.9%) | loss: 3.473938 | lrm: 1.00 | dt: 416ms | tok/sec: 630,450 | mfu: 15.2% | epoch: 1 | remaining: 174s    
step 00315 (42.0%) | loss: 3.470458 | lrm: 1.00 | dt: 415ms | tok/sec: 631,222 | mfu: 15.3% | epoch: 1 | remaining: 174s    
step 00316 (42.2%) | loss: 3.468232 | lrm: 1.00 | dt: 416ms | tok/sec: 630,219 | mfu: 15.2% | epoch: 1 | remaining: 173s    
step 00317 (42.3%) | loss: 3.468610 | lrm: 1.00 | dt: 417ms | tok/sec: 629,364 | mfu: 15.2% | epoch: 1 | remaining: 173s    
step 00318 (42.4%) | loss: 3.466997 | lrm: 1.00 | dt: 416ms | tok/sec: 630,849 | mfu: 15.2% | epoch: 1 | remaining: 172s    
step 00319 (42.6%) | loss: 3.464544 | lrm: 1.00 | dt: 416ms | tok/sec: 630,441 | mfu: 15.2% | epoch: 1 | remaining: 172s    
step 00320 (42.7%) | loss: 3.459834 | lrm: 1.00 | dt: 415ms | tok/sec: 631,271 | mfu: 15.3% | epoch: 1 | remaining: 171s    
step 00321 (42.8%) | loss: 3.461140 | lrm: 1.00 | dt: 415ms | tok/sec: 631,607 | mfu: 15.3% | epoch: 1 | remaining: 171s    
step 00322 (43.0%) | loss: 3.458587 | lrm: 1.00 | dt: 417ms | tok/sec: 629,387 | mfu: 15.2% | epoch: 1 | remaining: 171s    
step 00323 (43.1%) | loss: 3.457073 | lrm: 1.00 | dt: 415ms | tok/sec: 632,136 | mfu: 15.3% | epoch: 1 | remaining: 170s    
step 00324 (43.3%) | loss: 3.453883 | lrm: 1.00 | dt: 416ms | tok/sec: 630,396 | mfu: 15.2% | epoch: 1 | remaining: 170s    
step 00325 (43.4%) | loss: 3.459817 | lrm: 1.00 | dt: 415ms | tok/sec: 631,228 | mfu: 15.3% | epoch: 1 | remaining: 169s    
step 00326 (43.5%) | loss: 3.462005 | lrm: 1.00 | dt: 415ms | tok/sec: 632,014 | mfu: 15.3% | epoch: 1 | remaining: 169s    
step 00327 (43.7%) | loss: 3.456377 | lrm: 1.00 | dt: 416ms | tok/sec: 630,166 | mfu: 15.2% | epoch: 1 | remaining: 169s    
step 00328 (43.8%) | loss: 3.457918 | lrm: 1.00 | dt: 415ms | tok/sec: 630,941 | mfu: 15.2% | epoch: 1 | remaining: 168s    
step 00329 (44.0%) | loss: 3.462407 | lrm: 1.00 | dt: 416ms | tok/sec: 630,281 | mfu: 15.2% | epoch: 1 | remaining: 168s    
step 00330 (44.1%) | loss: 3.462008 | lrm: 1.00 | dt: 415ms | tok/sec: 631,094 | mfu: 15.2% | epoch: 1 | remaining: 167s    
step 00331 (44.2%) | loss: 3.468575 | lrm: 1.00 | dt: 415ms | tok/sec: 631,200 | mfu: 15.3% | epoch: 1 | remaining: 167s    
step 00332 (44.4%) | loss: 3.467148 | lrm: 1.00 | dt: 416ms | tok/sec: 629,659 | mfu: 15.2% | epoch: 1 | remaining: 166s    
step 00333 (44.5%) | loss: 3.465395 | lrm: 1.00 | dt: 415ms | tok/sec: 631,005 | mfu: 15.2% | epoch: 1 | remaining: 166s    
step 00334 (44.6%) | loss: 3.465201 | lrm: 1.00 | dt: 415ms | tok/sec: 630,912 | mfu: 15.2% | epoch: 1 | remaining: 166s    
step 00335 (44.8%) | loss: 3.465909 | lrm: 1.00 | dt: 416ms | tok/sec: 630,257 | mfu: 15.2% | epoch: 1 | remaining: 165s    
step 00336 (44.9%) | loss: 3.469970 | lrm: 1.00 | dt: 415ms | tok/sec: 632,274 | mfu: 15.3% | epoch: 1 | remaining: 165s    
step 00337 (45.1%) | loss: 3.466963 | lrm: 1.00 | dt: 416ms | tok/sec: 629,615 | mfu: 15.2% | epoch: 1 | remaining: 164s    
step 00338 (45.2%) | loss: 3.474967 | lrm: 1.00 | dt: 415ms | tok/sec: 631,501 | mfu: 15.3% | epoch: 1 | remaining: 164s    
step 00339 (45.3%) | loss: 3.473374 | lrm: 1.00 | dt: 415ms | tok/sec: 631,198 | mfu: 15.3% | epoch: 1 | remaining: 164s    
step 00340 (45.5%) | loss: 3.477531 | lrm: 1.00 | dt: 416ms | tok/sec: 629,966 | mfu: 15.2% | epoch: 1 | remaining: 163s    
step 00341 (45.6%) | loss: 3.470461 | lrm: 1.00 | dt: 415ms | tok/sec: 631,730 | mfu: 15.3% | epoch: 1 | remaining: 163s    
step 00342 (45.8%) | loss: 3.469391 | lrm: 1.00 | dt: 416ms | tok/sec: 629,571 | mfu: 15.2% | epoch: 1 | remaining: 162s    
step 00343 (45.9%) | loss: 3.472574 | lrm: 1.00 | dt: 415ms | tok/sec: 631,052 | mfu: 15.2% | epoch: 1 | remaining: 162s    
step 00344 (46.0%) | loss: 3.474435 | lrm: 1.00 | dt: 416ms | tok/sec: 630,526 | mfu: 15.2% | epoch: 1 | remaining: 161s    
step 00345 (46.2%) | loss: 3.475078 | lrm: 1.00 | dt: 415ms | tok/sec: 631,140 | mfu: 15.2% | epoch: 1 | remaining: 161s    
step 00346 (46.3%) | loss: 3.474229 | lrm: 1.00 | dt: 415ms | tok/sec: 631,665 | mfu: 15.3% | epoch: 1 | remaining: 161s    
step 00347 (46.4%) | loss: 3.470835 | lrm: 1.00 | dt: 416ms | tok/sec: 630,424 | mfu: 15.2% | epoch: 1 | remaining: 160s    
step 00348 (46.6%) | loss: 3.465503 | lrm: 1.00 | dt: 415ms | tok/sec: 631,037 | mfu: 15.2% | epoch: 1 | remaining: 160s    
step 00349 (46.7%) | loss: 3.465041 | lrm: 1.00 | dt: 415ms | tok/sec: 631,225 | mfu: 15.3% | epoch: 1 | remaining: 159s    
step 00350 (46.9%) | loss: 3.462430 | lrm: 1.00 | dt: 416ms | tok/sec: 629,639 | mfu: 15.2% | epoch: 1 | remaining: 159s    
step 00351 (47.0%) | loss: 3.459090 | lrm: 1.00 | dt: 415ms | tok/sec: 631,330 | mfu: 15.3% | epoch: 1 | remaining: 159s    
step 00352 (47.1%) | loss: 3.467876 | lrm: 1.00 | dt: 417ms | tok/sec: 628,860 | mfu: 15.2% | epoch: 1 | remaining: 158s    
step 00353 (47.3%) | loss: 3.467387 | lrm: 1.00 | dt: 415ms | tok/sec: 631,953 | mfu: 15.3% | epoch: 1 | remaining: 158s    
step 00354 (47.4%) | loss: 3.459505 | lrm: 1.00 | dt: 416ms | tok/sec: 629,756 | mfu: 15.2% | epoch: 1 | remaining: 157s    
step 00355 (47.6%) | loss: 3.458534 | lrm: 1.00 | dt: 415ms | tok/sec: 630,990 | mfu: 15.2% | epoch: 1 | remaining: 157s    
step 00356 (47.7%) | loss: 3.451900 | lrm: 1.00 | dt: 416ms | tok/sec: 630,443 | mfu: 15.2% | epoch: 1 | remaining: 156s    
step 00357 (47.8%) | loss: 3.455684 | lrm: 1.00 | dt: 416ms | tok/sec: 630,457 | mfu: 15.2% | epoch: 1 | remaining: 156s    
step 00358 (48.0%) | loss: 3.456183 | lrm: 1.00 | dt: 415ms | tok/sec: 631,281 | mfu: 15.3% | epoch: 1 | remaining: 156s    
step 00359 (48.1%) | loss: 3.454641 | lrm: 1.00 | dt: 417ms | tok/sec: 628,999 | mfu: 15.2% | epoch: 1 | remaining: 155s    
step 00360 (48.2%) | loss: 3.445611 | lrm: 1.00 | dt: 415ms | tok/sec: 630,919 | mfu: 15.2% | epoch: 1 | remaining: 155s    
step 00361 (48.4%) | loss: 3.446710 | lrm: 1.00 | dt: 416ms | tok/sec: 630,504 | mfu: 15.2% | epoch: 1 | remaining: 154s    
step 00362 (48.5%) | loss: 3.437708 | lrm: 1.00 | dt: 415ms | tok/sec: 631,531 | mfu: 15.3% | epoch: 1 | remaining: 154s    
step 00363 (48.7%) | loss: 3.435228 | lrm: 1.00 | dt: 415ms | tok/sec: 631,786 | mfu: 15.3% | epoch: 1 | remaining: 154s    
step 00364 (48.8%) | loss: 3.437172 | lrm: 1.00 | dt: 417ms | tok/sec: 628,882 | mfu: 15.2% | epoch: 1 | remaining: 153s    
step 00365 (48.9%) | loss: 3.430616 | lrm: 1.00 | dt: 415ms | tok/sec: 631,978 | mfu: 15.3% | epoch: 1 | remaining: 153s    
step 00366 (49.1%) | loss: 3.435207 | lrm: 1.00 | dt: 416ms | tok/sec: 629,686 | mfu: 15.2% | epoch: 1 | remaining: 152s    
step 00367 (49.2%) | loss: 3.430939 | lrm: 1.00 | dt: 415ms | tok/sec: 630,956 | mfu: 15.2% | epoch: 1 | remaining: 152s    
step 00368 (49.4%) | loss: 3.423724 | lrm: 1.00 | dt: 415ms | tok/sec: 631,866 | mfu: 15.3% | epoch: 1 | remaining: 152s    
step 00369 (49.5%) | loss: 3.420083 | lrm: 1.00 | dt: 415ms | tok/sec: 631,224 | mfu: 15.3% | epoch: 1 | remaining: 151s    
step 00370 (49.6%) | loss: 3.424671 | lrm: 1.00 | dt: 415ms | tok/sec: 631,956 | mfu: 15.3% | epoch: 1 | remaining: 151s    
step 00371 (49.8%) | loss: 3.421510 | lrm: 1.00 | dt: 416ms | tok/sec: 630,721 | mfu: 15.2% | epoch: 1 | remaining: 150s    
step 00372 (49.9%) | loss: 3.418031 | lrm: 1.00 | dt: 415ms | tok/sec: 631,517 | mfu: 15.3% | epoch: 1 | remaining: 150s    
step 00373 (50.1%) | loss: 3.417707 | lrm: 1.00 | dt: 417ms | tok/sec: 628,940 | mfu: 15.2% | epoch: 1 | remaining: 149s    
step 00374 (50.2%) | loss: 3.418301 | lrm: 1.00 | dt: 415ms | tok/sec: 631,551 | mfu: 15.3% | epoch: 1 | remaining: 149s    
step 00375 (50.3%) | loss: 3.410366 | lrm: 0.99 | dt: 416ms | tok/sec: 630,499 | mfu: 15.2% | epoch: 1 | remaining: 149s    
step 00376 (50.5%) | loss: 3.409791 | lrm: 0.99 | dt: 416ms | tok/sec: 630,908 | mfu: 15.2% | epoch: 1 | remaining: 148s    
step 00377 (50.6%) | loss: 3.409030 | lrm: 0.99 | dt: 415ms | tok/sec: 631,899 | mfu: 15.3% | epoch: 1 | remaining: 148s    
step 00378 (50.7%) | loss: 3.412682 | lrm: 0.99 | dt: 417ms | tok/sec: 629,100 | mfu: 15.2% | epoch: 1 | remaining: 147s    
step 00379 (50.9%) | loss: 3.411158 | lrm: 0.98 | dt: 415ms | tok/sec: 631,033 | mfu: 15.2% | epoch: 1 | remaining: 147s    
step 00380 (51.0%) | loss: 3.414771 | lrm: 0.98 | dt: 416ms | tok/sec: 629,404 | mfu: 15.2% | epoch: 1 | remaining: 147s    
step 00381 (51.2%) | loss: 3.415880 | lrm: 0.98 | dt: 415ms | tok/sec: 630,952 | mfu: 15.2% | epoch: 1 | remaining: 146s    
step 00382 (51.3%) | loss: 3.420469 | lrm: 0.97 | dt: 416ms | tok/sec: 630,836 | mfu: 15.2% | epoch: 1 | remaining: 146s    
step 00383 (51.4%) | loss: 3.418051 | lrm: 0.97 | dt: 416ms | tok/sec: 630,007 | mfu: 15.2% | epoch: 1 | remaining: 145s    
step 00384 (51.6%) | loss: 3.415388 | lrm: 0.97 | dt: 415ms | tok/sec: 632,127 | mfu: 15.3% | epoch: 1 | remaining: 145s    
step 00385 (51.7%) | loss: 3.415232 | lrm: 0.97 | dt: 416ms | tok/sec: 630,889 | mfu: 15.2% | epoch: 1 | remaining: 144s    
step 00386 (51.9%) | loss: 3.411767 | lrm: 0.96 | dt: 416ms | tok/sec: 630,400 | mfu: 15.2% | epoch: 1 | remaining: 144s    
step 00387 (52.0%) | loss: 3.405488 | lrm: 0.96 | dt: 415ms | tok/sec: 631,634 | mfu: 15.3% | epoch: 1 | remaining: 144s    
step 00388 (52.1%) | loss: 3.400801 | lrm: 0.96 | dt: 417ms | tok/sec: 629,048 | mfu: 15.2% | epoch: 1 | remaining: 143s    
step 00389 (52.3%) | loss: 3.405647 | lrm: 0.95 | dt: 414ms | tok/sec: 632,520 | mfu: 15.3% | epoch: 1 | remaining: 143s    
step 00390 (52.4%) | loss: 3.401552 | lrm: 0.95 | dt: 416ms | tok/sec: 629,955 | mfu: 15.2% | epoch: 1 | remaining: 142s    
step 00391 (52.5%) | loss: 3.402616 | lrm: 0.95 | dt: 415ms | tok/sec: 631,737 | mfu: 15.3% | epoch: 1 | remaining: 142s    
step 00392 (52.7%) | loss: 3.396385 | lrm: 0.95 | dt: 415ms | tok/sec: 631,201 | mfu: 15.3% | epoch: 1 | remaining: 142s    
step 00393 (52.8%) | loss: 3.395107 | lrm: 0.94 | dt: 417ms | tok/sec: 629,290 | mfu: 15.2% | epoch: 1 | remaining: 141s    
step 00394 (53.0%) | loss: 3.396191 | lrm: 0.94 | dt: 415ms | tok/sec: 632,197 | mfu: 15.3% | epoch: 1 | remaining: 141s    
step 00395 (53.1%) | loss: 3.394417 | lrm: 0.94 | dt: 417ms | tok/sec: 629,373 | mfu: 15.2% | epoch: 1 | remaining: 140s    
step 00396 (53.2%) | loss: 3.392538 | lrm: 0.94 | dt: 415ms | tok/sec: 631,295 | mfu: 15.3% | epoch: 1 | remaining: 140s    
step 00397 (53.4%) | loss: 3.385322 | lrm: 0.93 | dt: 415ms | tok/sec: 631,950 | mfu: 15.3% | epoch: 1 | remaining: 139s    
step 00398 (53.5%) | loss: 3.385637 | lrm: 0.93 | dt: 416ms | tok/sec: 630,005 | mfu: 15.2% | epoch: 1 | remaining: 139s    
step 00399 (53.7%) | loss: 3.383384 | lrm: 0.93 | dt: 415ms | tok/sec: 631,792 | mfu: 15.3% | epoch: 1 | remaining: 139s    
step 00400 (53.8%) | loss: 3.381968 | lrm: 0.92 | dt: 416ms | tok/sec: 629,685 | mfu: 15.2% | epoch: 1 | remaining: 138s    
step 00401 (53.9%) | loss: 3.380225 | lrm: 0.92 | dt: 415ms | tok/sec: 631,099 | mfu: 15.2% | epoch: 1 | remaining: 138s    
step 00402 (54.1%) | loss: 3.382980 | lrm: 0.92 | dt: 415ms | tok/sec: 631,483 | mfu: 15.3% | epoch: 1 | remaining: 137s    
step 00403 (54.2%) | loss: 3.383695 | lrm: 0.92 | dt: 417ms | tok/sec: 628,778 | mfu: 15.2% | epoch: 1 | remaining: 137s    
step 00404 (54.3%) | loss: 3.381003 | lrm: 0.91 | dt: 414ms | tok/sec: 632,745 | mfu: 15.3% | epoch: 1 | remaining: 137s    
step 00405 (54.5%) | loss: 3.377527 | lrm: 0.91 | dt: 416ms | tok/sec: 629,929 | mfu: 15.2% | epoch: 1 | remaining: 136s    
step 00406 (54.6%) | loss: 3.375608 | lrm: 0.91 | dt: 415ms | tok/sec: 631,804 | mfu: 15.3% | epoch: 1 | remaining: 136s    
step 00407 (54.8%) | loss: 3.375793 | lrm: 0.90 | dt: 415ms | tok/sec: 631,211 | mfu: 15.3% | epoch: 1 | remaining: 135s    
step 00408 (54.9%) | loss: 3.367199 | lrm: 0.90 | dt: 416ms | tok/sec: 630,140 | mfu: 15.2% | epoch: 1 | remaining: 135s    
step 00409 (55.0%) | loss: 3.363947 | lrm: 0.90 | dt: 415ms | tok/sec: 632,186 | mfu: 15.3% | epoch: 1 | remaining: 134s    
step 00410 (55.2%) | loss: 3.353623 | lrm: 0.90 | dt: 416ms | tok/sec: 629,600 | mfu: 15.2% | epoch: 1 | remaining: 134s    
step 00411 (55.3%) | loss: 3.352389 | lrm: 0.89 | dt: 415ms | tok/sec: 631,705 | mfu: 15.3% | epoch: 1 | remaining: 134s    
step 00412 (55.5%) | loss: 3.349948 | lrm: 0.89 | dt: 416ms | tok/sec: 630,229 | mfu: 15.2% | epoch: 1 | remaining: 133s    
step 00413 (55.6%) | loss: 3.347969 | lrm: 0.89 | dt: 415ms | tok/sec: 630,993 | mfu: 15.2% | epoch: 1 | remaining: 133s    
step 00414 (55.7%) | loss: 3.348387 | lrm: 0.89 | dt: 415ms | tok/sec: 632,411 | mfu: 15.3% | epoch: 1 | remaining: 132s    
step 00415 (55.9%) | loss: 3.344496 | lrm: 0.88 | dt: 417ms | tok/sec: 629,067 | mfu: 15.2% | epoch: 1 | remaining: 132s    
step 00416 (56.0%) | loss: 3.347808 | lrm: 0.88 | dt: 415ms | tok/sec: 631,781 | mfu: 15.3% | epoch: 1 | remaining: 132s    
step 00417 (56.1%) | loss: 3.345834 | lrm: 0.88 | dt: 416ms | tok/sec: 630,845 | mfu: 15.2% | epoch: 1 | remaining: 131s    
step 00418 (56.3%) | loss: 3.340579 | lrm: 0.87 | dt: 416ms | tok/sec: 630,686 | mfu: 15.2% | epoch: 1 | remaining: 131s    
step 00419 (56.4%) | loss: 3.343364 | lrm: 0.87 | dt: 416ms | tok/sec: 630,781 | mfu: 15.2% | epoch: 1 | remaining: 130s    
step 00420 (56.6%) | loss: 3.343619 | lrm: 0.87 | dt: 416ms | tok/sec: 630,122 | mfu: 15.2% | epoch: 1 | remaining: 130s    
step 00421 (56.7%) | loss: 3.345529 | lrm: 0.87 | dt: 415ms | tok/sec: 632,197 | mfu: 15.3% | epoch: 1 | remaining: 129s    
step 00422 (56.8%) | loss: 3.351094 | lrm: 0.86 | dt: 415ms | tok/sec: 631,023 | mfu: 15.2% | epoch: 1 | remaining: 129s    
step 00423 (57.0%) | loss: 3.355492 | lrm: 0.86 | dt: 415ms | tok/sec: 631,658 | mfu: 15.3% | epoch: 1 | remaining: 129s    
step 00424 (57.1%) | loss: 3.351410 | lrm: 0.86 | dt: 416ms | tok/sec: 630,396 | mfu: 15.2% | epoch: 1 | remaining: 128s    
step 00425 (57.3%) | loss: 3.350444 | lrm: 0.85 | dt: 415ms | tok/sec: 631,264 | mfu: 15.3% | epoch: 1 | remaining: 128s    
step 00426 (57.4%) | loss: 3.346966 | lrm: 0.85 | dt: 415ms | tok/sec: 632,380 | mfu: 15.3% | epoch: 1 | remaining: 127s    
step 00427 (57.5%) | loss: 3.337974 | lrm: 0.85 | dt: 417ms | tok/sec: 629,126 | mfu: 15.2% | epoch: 1 | remaining: 127s    
step 00428 (57.7%) | loss: 3.335148 | lrm: 0.85 | dt: 415ms | tok/sec: 631,582 | mfu: 15.3% | epoch: 1 | remaining: 127s    
step 00429 (57.8%) | loss: 3.333124 | lrm: 0.84 | dt: 416ms | tok/sec: 630,594 | mfu: 15.2% | epoch: 1 | remaining: 126s    
step 00430 (57.9%) | loss: 3.336590 | lrm: 0.84 | dt: 416ms | tok/sec: 630,657 | mfu: 15.2% | epoch: 1 | remaining: 126s    
step 00431 (58.1%) | loss: 3.333131 | lrm: 0.84 | dt: 415ms | tok/sec: 631,492 | mfu: 15.3% | epoch: 1 | remaining: 125s    
step 00432 (58.2%) | loss: 3.334594 | lrm: 0.84 | dt: 416ms | tok/sec: 629,566 | mfu: 15.2% | epoch: 1 | remaining: 125s    
step 00433 (58.4%) | loss: 3.336735 | lrm: 0.83 | dt: 415ms | tok/sec: 632,018 | mfu: 15.3% | epoch: 1 | remaining: 125s    
step 00434 (58.5%) | loss: 3.333003 | lrm: 0.83 | dt: 417ms | tok/sec: 629,040 | mfu: 15.2% | epoch: 1 | remaining: 124s    
step 00435 (58.6%) | loss: 3.335483 | lrm: 0.83 | dt: 415ms | tok/sec: 631,463 | mfu: 15.3% | epoch: 1 | remaining: 124s    
step 00436 (58.8%) | loss: 3.331836 | lrm: 0.82 | dt: 416ms | tok/sec: 629,847 | mfu: 15.2% | epoch: 1 | remaining: 123s    
step 00437 (58.9%) | loss: 3.336479 | lrm: 0.82 | dt: 416ms | tok/sec: 630,514 | mfu: 15.2% | epoch: 1 | remaining: 123s    
step 00438 (59.1%) | loss: 3.335511 | lrm: 0.82 | dt: 415ms | tok/sec: 631,261 | mfu: 15.3% | epoch: 1 | remaining: 122s    
step 00439 (59.2%) | loss: 3.333632 | lrm: 0.82 | dt: 415ms | tok/sec: 632,003 | mfu: 15.3% | epoch: 1 | remaining: 122s    
step 00440 (59.3%) | loss: 3.333949 | lrm: 0.81 | dt: 415ms | tok/sec: 631,439 | mfu: 15.3% | epoch: 1 | remaining: 122s    
step 00441 (59.5%) | loss: 3.331869 | lrm: 0.81 | dt: 416ms | tok/sec: 630,150 | mfu: 15.2% | epoch: 1 | remaining: 121s    
step 00442 (59.6%) | loss: 3.335576 | lrm: 0.81 | dt: 415ms | tok/sec: 631,869 | mfu: 15.3% | epoch: 1 | remaining: 121s    
step 00443 (59.7%) | loss: 3.326146 | lrm: 0.81 | dt: 417ms | tok/sec: 628,975 | mfu: 15.2% | epoch: 1 | remaining: 120s    
step 00444 (59.9%) | loss: 3.323136 | lrm: 0.80 | dt: 415ms | tok/sec: 631,706 | mfu: 15.3% | epoch: 1 | remaining: 120s    
step 00445 (60.0%) | loss: 3.316890 | lrm: 0.80 | dt: 416ms | tok/sec: 629,397 | mfu: 15.2% | epoch: 1 | remaining: 120s    
step 00446 (60.2%) | loss: 3.319552 | lrm: 0.80 | dt: 415ms | tok/sec: 631,550 | mfu: 15.3% | epoch: 1 | remaining: 119s    
step 00447 (60.3%) | loss: 3.316959 | lrm: 0.79 | dt: 416ms | tok/sec: 629,991 | mfu: 15.2% | epoch: 1 | remaining: 119s    
step 00448 (60.4%) | loss: 3.321249 | lrm: 0.79 | dt: 415ms | tok/sec: 631,291 | mfu: 15.3% | epoch: 1 | remaining: 118s    
step 00449 (60.6%) | loss: 3.325160 | lrm: 0.79 | dt: 415ms | tok/sec: 631,034 | mfu: 15.2% | epoch: 1 | remaining: 118s    
step 00450 (60.7%) | loss: 3.330598 | lrm: 0.79 | dt: 416ms | tok/sec: 630,237 | mfu: 15.2% | epoch: 1 | remaining: 117s    
step 00451 (60.9%) | loss: 3.335577 | lrm: 0.78 | dt: 415ms | tok/sec: 632,370 | mfu: 15.3% | epoch: 1 | remaining: 117s    
step 00452 (61.0%) | loss: 3.331541 | lrm: 0.78 | dt: 416ms | tok/sec: 629,597 | mfu: 15.2% | epoch: 1 | remaining: 117s    
step 00453 (61.1%) | loss: 3.326617 | lrm: 0.78 | dt: 415ms | tok/sec: 631,972 | mfu: 15.3% | epoch: 1 | remaining: 116s    
step 00454 (61.3%) | loss: 3.324489 | lrm: 0.77 | dt: 417ms | tok/sec: 629,158 | mfu: 15.2% | epoch: 1 | remaining: 116s    
step 00455 (61.4%) | loss: 3.324551 | lrm: 0.77 | dt: 415ms | tok/sec: 631,557 | mfu: 15.3% | epoch: 1 | remaining: 115s    
step 00456 (61.5%) | loss: 3.324535 | lrm: 0.77 | dt: 416ms | tok/sec: 630,345 | mfu: 15.2% | epoch: 1 | remaining: 115s    
step 00457 (61.7%) | loss: 3.320699 | lrm: 0.77 | dt: 415ms | tok/sec: 630,968 | mfu: 15.2% | epoch: 1 | remaining: 115s    
step 00458 (61.8%) | loss: 3.313627 | lrm: 0.76 | dt: 415ms | tok/sec: 631,106 | mfu: 15.2% | epoch: 1 | remaining: 114s    
step 00459 (62.0%) | loss: 3.313892 | lrm: 0.76 | dt: 417ms | tok/sec: 628,052 | mfu: 15.2% | epoch: 1 | remaining: 114s    
step 00460 (62.1%) | loss: 3.313034 | lrm: 0.76 | dt: 416ms | tok/sec: 630,219 | mfu: 15.2% | epoch: 1 | remaining: 113s    
step 00461 (62.2%) | loss: 3.315542 | lrm: 0.76 | dt: 415ms | tok/sec: 630,964 | mfu: 15.2% | epoch: 1 | remaining: 113s    
step 00462 (62.4%) | loss: 3.320813 | lrm: 0.75 | dt: 416ms | tok/sec: 630,590 | mfu: 15.2% | epoch: 1 | remaining: 112s    
step 00463 (62.5%) | loss: 3.310048 | lrm: 0.75 | dt: 415ms | tok/sec: 632,067 | mfu: 15.3% | epoch: 1 | remaining: 112s    
step 00464 (62.7%) | loss: 3.308124 | lrm: 0.75 | dt: 416ms | tok/sec: 630,692 | mfu: 15.2% | epoch: 1 | remaining: 112s    
step 00465 (62.8%) | loss: 3.303202 | lrm: 0.74 | dt: 415ms | tok/sec: 631,390 | mfu: 15.3% | epoch: 1 | remaining: 111s    
step 00466 (62.9%) | loss: 3.294909 | lrm: 0.74 | dt: 417ms | tok/sec: 629,277 | mfu: 15.2% | epoch: 1 | remaining: 111s    
step 00467 (63.1%) | loss: 3.295519 | lrm: 0.74 | dt: 415ms | tok/sec: 631,211 | mfu: 15.3% | epoch: 1 | remaining: 110s    
step 00468 (63.2%) | loss: 3.300354 | lrm: 0.74 | dt: 416ms | tok/sec: 630,157 | mfu: 15.2% | epoch: 1 | remaining: 110s    
step 00469 (63.3%) | loss: 3.295818 | lrm: 0.73 | dt: 415ms | tok/sec: 631,118 | mfu: 15.2% | epoch: 1 | remaining: 110s    
step 00470 (63.5%) | loss: 3.301564 | lrm: 0.73 | dt: 415ms | tok/sec: 631,683 | mfu: 15.3% | epoch: 1 | remaining: 109s    
step 00471 (63.6%) | loss: 3.298275 | lrm: 0.73 | dt: 415ms | tok/sec: 630,992 | mfu: 15.2% | epoch: 1 | remaining: 109s    
step 00472 (63.8%) | loss: 3.298529 | lrm: 0.72 | dt: 415ms | tok/sec: 632,352 | mfu: 15.3% | epoch: 1 | remaining: 108s    
step 00473 (63.9%) | loss: 3.292814 | lrm: 0.72 | dt: 416ms | tok/sec: 629,738 | mfu: 15.2% | epoch: 1 | remaining: 108s    
step 00474 (64.0%) | loss: 3.288257 | lrm: 0.72 | dt: 415ms | tok/sec: 631,591 | mfu: 15.3% | epoch: 1 | remaining: 107s    
step 00475 (64.2%) | loss: 3.294237 | lrm: 0.72 | dt: 415ms | tok/sec: 630,974 | mfu: 15.2% | epoch: 1 | remaining: 107s    
step 00476 (64.3%) | loss: 3.297926 | lrm: 0.71 | dt: 416ms | tok/sec: 630,171 | mfu: 15.2% | epoch: 1 | remaining: 107s    
step 00477 (64.5%) | loss: 3.296556 | lrm: 0.71 | dt: 415ms | tok/sec: 632,012 | mfu: 15.3% | epoch: 1 | remaining: 106s    
step 00478 (64.6%) | loss: 3.289202 | lrm: 0.71 | dt: 416ms | tok/sec: 630,360 | mfu: 15.2% | epoch: 1 | remaining: 106s    
step 00479 (64.7%) | loss: 3.291326 | lrm: 0.71 | dt: 416ms | tok/sec: 630,774 | mfu: 15.2% | epoch: 1 | remaining: 105s    
step 00480 (64.9%) | loss: 3.287195 | lrm: 0.70 | dt: 416ms | tok/sec: 630,217 | mfu: 15.2% | epoch: 1 | remaining: 105s    
step 00481 (65.0%) | loss: 3.280657 | lrm: 0.70 | dt: 417ms | tok/sec: 628,968 | mfu: 15.2% | epoch: 1 | remaining: 105s    
step 00482 (65.1%) | loss: 3.278674 | lrm: 0.70 | dt: 415ms | tok/sec: 632,192 | mfu: 15.3% | epoch: 1 | remaining: 104s    
step 00483 (65.3%) | loss: 3.277860 | lrm: 0.69 | dt: 416ms | tok/sec: 629,462 | mfu: 15.2% | epoch: 1 | remaining: 104s    
step 00484 (65.4%) | loss: 3.280403 | lrm: 0.69 | dt: 415ms | tok/sec: 630,957 | mfu: 15.2% | epoch: 1 | remaining: 103s    
step 00485 (65.6%) | loss: 3.281463 | lrm: 0.69 | dt: 415ms | tok/sec: 631,259 | mfu: 15.3% | epoch: 1 | remaining: 103s    
step 00486 (65.7%) | loss: 3.283434 | lrm: 0.69 | dt: 417ms | tok/sec: 628,325 | mfu: 15.2% | epoch: 1 | remaining: 102s    
step 00487 (65.8%) | loss: 3.286580 | lrm: 0.68 | dt: 416ms | tok/sec: 630,766 | mfu: 15.2% | epoch: 1 | remaining: 102s    
step 00488 (66.0%) | loss: 3.286921 | lrm: 0.68 | dt: 416ms | tok/sec: 629,831 | mfu: 15.2% | epoch: 1 | remaining: 102s    
step 00489 (66.1%) | loss: 3.291513 | lrm: 0.68 | dt: 415ms | tok/sec: 631,767 | mfu: 15.3% | epoch: 1 | remaining: 101s    
step 00490 (66.3%) | loss: 3.285484 | lrm: 0.67 | dt: 415ms | tok/sec: 631,746 | mfu: 15.3% | epoch: 1 | remaining: 101s    
step 00491 (66.4%) | loss: 3.282786 | lrm: 0.67 | dt: 417ms | tok/sec: 629,167 | mfu: 15.2% | epoch: 1 | remaining: 100s    
step 00492 (66.5%) | loss: 3.273870 | lrm: 0.67 | dt: 415ms | tok/sec: 632,267 | mfu: 15.3% | epoch: 1 | remaining: 100s    
step 00493 (66.7%) | loss: 3.279129 | lrm: 0.67 | dt: 416ms | tok/sec: 630,351 | mfu: 15.2% | epoch: 1 | remaining: 100s    
step 00494 (66.8%) | loss: 3.269922 | lrm: 0.66 | dt: 415ms | tok/sec: 631,522 | mfu: 15.3% | epoch: 1 | remaining: 99s    
step 00495 (67.0%) | loss: 3.264763 | lrm: 0.66 | dt: 416ms | tok/sec: 630,910 | mfu: 15.2% | epoch: 1 | remaining: 99s    
step 00496 (67.1%) | loss: 3.265131 | lrm: 0.66 | dt: 416ms | tok/sec: 629,679 | mfu: 15.2% | epoch: 1 | remaining: 98s    
step 00497 (67.2%) | loss: 3.265394 | lrm: 0.66 | dt: 415ms | tok/sec: 631,972 | mfu: 15.3% | epoch: 1 | remaining: 98s    
step 00498 (67.4%) | loss: 3.262063 | lrm: 0.65 | dt: 416ms | tok/sec: 630,507 | mfu: 15.2% | epoch: 1 | remaining: 97s    
step 00499 (67.5%) | loss: 3.252339 | lrm: 0.65 | dt: 416ms | tok/sec: 630,860 | mfu: 15.2% | epoch: 1 | remaining: 97s    
step 00500 (67.6%) | loss: 3.252427 | lrm: 0.65 | dt: 416ms | tok/sec: 630,852 | mfu: 15.2% | epoch: 1 | remaining: 97s    
step 00501 (67.8%) | loss: 3.251591 | lrm: 0.64 | dt: 416ms | tok/sec: 630,047 | mfu: 15.2% | epoch: 1 | remaining: 96s    
step 00502 (67.9%) | loss: 3.248384 | lrm: 0.64 | dt: 415ms | tok/sec: 632,167 | mfu: 15.3% | epoch: 1 | remaining: 96s    
step 00503 (68.1%) | loss: 3.246985 | lrm: 0.64 | dt: 416ms | tok/sec: 629,819 | mfu: 15.2% | epoch: 1 | remaining: 95s    
step 00504 (68.2%) | loss: 3.249468 | lrm: 0.64 | dt: 416ms | tok/sec: 630,579 | mfu: 15.2% | epoch: 1 | remaining: 95s    
step 00505 (68.3%) | loss: 3.254090 | lrm: 0.63 | dt: 415ms | tok/sec: 631,166 | mfu: 15.2% | epoch: 1 | remaining: 95s    
step 00506 (68.5%) | loss: 3.262635 | lrm: 0.63 | dt: 416ms | tok/sec: 630,586 | mfu: 15.2% | epoch: 1 | remaining: 94s    
step 00507 (68.6%) | loss: 3.255338 | lrm: 0.63 | dt: 415ms | tok/sec: 632,406 | mfu: 15.3% | epoch: 1 | remaining: 94s    
step 00508 (68.8%) | loss: 3.257203 | lrm: 0.62 | dt: 416ms | tok/sec: 630,370 | mfu: 15.2% | epoch: 1 | remaining: 93s    
step 00509 (68.9%) | loss: 3.247389 | lrm: 0.62 | dt: 416ms | tok/sec: 630,482 | mfu: 15.2% | epoch: 1 | remaining: 93s    
step 00510 (69.0%) | loss: 3.250391 | lrm: 0.62 | dt: 415ms | tok/sec: 631,784 | mfu: 15.3% | epoch: 1 | remaining: 93s    
step 00511 (69.2%) | loss: 3.248520 | lrm: 0.62 | dt: 416ms | tok/sec: 629,678 | mfu: 15.2% | epoch: 1 | remaining: 92s    
step 00512 (69.3%) | loss: 3.242555 | lrm: 0.61 | dt: 416ms | tok/sec: 630,881 | mfu: 15.2% | epoch: 1 | remaining: 92s    
step 00513 (69.4%) | loss: 3.240703 | lrm: 0.61 | dt: 416ms | tok/sec: 629,959 | mfu: 15.2% | epoch: 1 | remaining: 91s    
step 00514 (69.6%) | loss: 3.238113 | lrm: 0.61 | dt: 416ms | tok/sec: 629,770 | mfu: 15.2% | epoch: 1 | remaining: 91s    
step 00515 (69.7%) | loss: 3.244156 | lrm: 0.61 | dt: 415ms | tok/sec: 631,539 | mfu: 15.3% | epoch: 1 | remaining: 90s    
step 00516 (69.9%) | loss: 3.246097 | lrm: 0.60 | dt: 416ms | tok/sec: 629,850 | mfu: 15.2% | epoch: 1 | remaining: 90s    
step 00517 (70.0%) | loss: 3.243956 | lrm: 0.60 | dt: 415ms | tok/sec: 632,303 | mfu: 15.3% | epoch: 1 | remaining: 90s    
step 00518 (70.1%) | loss: 3.243533 | lrm: 0.60 | dt: 415ms | tok/sec: 630,945 | mfu: 15.2% | epoch: 1 | remaining: 89s    
step 00519 (70.3%) | loss: 3.245759 | lrm: 0.59 | dt: 416ms | tok/sec: 630,775 | mfu: 15.2% | epoch: 1 | remaining: 89s    
step 00520 (70.4%) | loss: 3.246472 | lrm: 0.59 | dt: 415ms | tok/sec: 632,159 | mfu: 15.3% | epoch: 1 | remaining: 88s    
step 00521 (70.6%) | loss: 3.246812 | lrm: 0.59 | dt: 416ms | tok/sec: 630,066 | mfu: 15.2% | epoch: 1 | remaining: 88s    
step 00522 (70.7%) | loss: 3.245887 | lrm: 0.59 | dt: 415ms | tok/sec: 632,405 | mfu: 15.3% | epoch: 1 | remaining: 88s    
step 00523 (70.8%) | loss: 3.239168 | lrm: 0.58 | dt: 416ms | tok/sec: 630,349 | mfu: 15.2% | epoch: 1 | remaining: 87s    
step 00524 (71.0%) | loss: 3.235812 | lrm: 0.58 | dt: 415ms | tok/sec: 631,899 | mfu: 15.3% | epoch: 1 | remaining: 87s    
step 00525 (71.1%) | loss: 3.228749 | lrm: 0.58 | dt: 416ms | tok/sec: 630,068 | mfu: 15.2% | epoch: 1 | remaining: 86s    
step 00526 (71.2%) | loss: 3.227801 | lrm: 0.58 | dt: 415ms | tok/sec: 631,288 | mfu: 15.3% | epoch: 1 | remaining: 86s    
step 00527 (71.4%) | loss: 3.232491 | lrm: 0.57 | dt: 415ms | tok/sec: 631,387 | mfu: 15.3% | epoch: 1 | remaining: 85s    
step 00528 (71.5%) | loss: 3.229962 | lrm: 0.57 | dt: 415ms | tok/sec: 631,678 | mfu: 15.3% | epoch: 1 | remaining: 85s    
step 00529 (71.7%) | loss: 3.233630 | lrm: 0.57 | dt: 415ms | tok/sec: 631,424 | mfu: 15.3% | epoch: 1 | remaining: 85s    
step 00530 (71.8%) | loss: 3.230342 | lrm: 0.56 | dt: 416ms | tok/sec: 630,267 | mfu: 15.2% | epoch: 1 | remaining: 84s    
step 00531 (71.9%) | loss: 3.221686 | lrm: 0.56 | dt: 415ms | tok/sec: 631,599 | mfu: 15.3% | epoch: 1 | remaining: 84s    
step 00532 (72.1%) | loss: 3.217824 | lrm: 0.56 | dt: 416ms | tok/sec: 629,918 | mfu: 15.2% | epoch: 1 | remaining: 83s    
step 00533 (72.2%) | loss: 3.218287 | lrm: 0.56 | dt: 416ms | tok/sec: 630,257 | mfu: 15.2% | epoch: 1 | remaining: 83s    
step 00534 (72.4%) | loss: 3.220230 | lrm: 0.55 | dt: 415ms | tok/sec: 631,005 | mfu: 15.2% | epoch: 1 | remaining: 83s    
step 00535 (72.5%) | loss: 3.219114 | lrm: 0.55 | dt: 417ms | tok/sec: 629,177 | mfu: 15.2% | epoch: 1 | remaining: 82s    
step 00536 (72.6%) | loss: 3.214044 | lrm: 0.55 | dt: 415ms | tok/sec: 632,176 | mfu: 15.3% | epoch: 1 | remaining: 82s    
step 00537 (72.8%) | loss: 3.218472 | lrm: 0.54 | dt: 415ms | tok/sec: 631,260 | mfu: 15.3% | epoch: 1 | remaining: 81s    
step 00538 (72.9%) | loss: 3.217901 | lrm: 0.54 | dt: 415ms | tok/sec: 632,144 | mfu: 15.3% | epoch: 1 | remaining: 81s    
step 00539 (73.0%) | loss: 3.218984 | lrm: 0.54 | dt: 416ms | tok/sec: 630,537 | mfu: 15.2% | epoch: 1 | remaining: 80s    
step 00540 (73.2%) | loss: 3.218052 | lrm: 0.54 | dt: 415ms | tok/sec: 631,393 | mfu: 15.3% | epoch: 1 | remaining: 80s    
step 00541 (73.3%) | loss: 3.218750 | lrm: 0.53 | dt: 415ms | tok/sec: 631,370 | mfu: 15.3% | epoch: 1 | remaining: 80s    
step 00542 (73.5%) | loss: 3.219690 | lrm: 0.53 | dt: 416ms | tok/sec: 630,146 | mfu: 15.2% | epoch: 1 | remaining: 79s    
step 00543 (73.6%) | loss: 3.217056 | lrm: 0.53 | dt: 415ms | tok/sec: 631,295 | mfu: 15.3% | epoch: 1 | remaining: 79s    
step 00544 (73.7%) | loss: 3.217593 | lrm: 0.53 | dt: 416ms | tok/sec: 629,947 | mfu: 15.2% | epoch: 1 | remaining: 78s    
step 00545 (73.9%) | loss: 3.213946 | lrm: 0.52 | dt: 415ms | tok/sec: 631,138 | mfu: 15.2% | epoch: 1 | remaining: 78s    
step 00546 (74.0%) | loss: 3.209036 | lrm: 0.52 | dt: 415ms | tok/sec: 631,182 | mfu: 15.3% | epoch: 1 | remaining: 78s    
step 00547 (74.2%) | loss: 3.204666 | lrm: 0.52 | dt: 417ms | tok/sec: 629,119 | mfu: 15.2% | epoch: 1 | remaining: 77s    
step 00548 (74.3%) | loss: 3.205176 | lrm: 0.51 | dt: 415ms | tok/sec: 631,368 | mfu: 15.3% | epoch: 1 | remaining: 77s    
step 00549 (74.4%) | loss: 3.207827 | lrm: 0.51 | dt: 417ms | tok/sec: 629,289 | mfu: 15.2% | epoch: 1 | remaining: 76s    
step 00550 (74.6%) | loss: 3.203158 | lrm: 0.51 | dt: 415ms | tok/sec: 631,957 | mfu: 15.3% | epoch: 1 | remaining: 76s    
step 00551 (74.7%) | loss: 3.198222 | lrm: 0.51 | dt: 416ms | tok/sec: 630,494 | mfu: 15.2% | epoch: 1 | remaining: 75s    
step 00552 (74.8%) | loss: 3.204454 | lrm: 0.50 | dt: 415ms | tok/sec: 631,176 | mfu: 15.3% | epoch: 1 | remaining: 75s    
step 00553 (75.0%) | loss: 3.205199 | lrm: 0.50 | dt: 415ms | tok/sec: 632,179 | mfu: 15.3% | epoch: 1 | remaining: 75s    
step 00554 (75.1%) | loss: 3.202799 | lrm: 0.50 | dt: 416ms | tok/sec: 629,801 | mfu: 15.2% | epoch: 1 | remaining: 74s    
step 00555 (75.3%) | loss: 3.205098 | lrm: 0.49 | dt: 415ms | tok/sec: 631,202 | mfu: 15.3% | epoch: 1 | remaining: 74s    
step 00556 (75.4%) | loss: 3.199567 | lrm: 0.49 | dt: 416ms | tok/sec: 630,096 | mfu: 15.2% | epoch: 1 | remaining: 73s    
step 00557 (75.5%) | loss: 3.201264 | lrm: 0.49 | dt: 415ms | tok/sec: 631,455 | mfu: 15.3% | epoch: 1 | remaining: 73s    
step 00558 (75.7%) | loss: 3.204514 | lrm: 0.49 | dt: 415ms | tok/sec: 630,972 | mfu: 15.2% | epoch: 1 | remaining: 73s    
step 00559 (75.8%) | loss: 3.202249 | lrm: 0.48 | dt: 416ms | tok/sec: 630,269 | mfu: 15.2% | epoch: 1 | remaining: 72s    
step 00560 (76.0%) | loss: 3.198816 | lrm: 0.48 | dt: 415ms | tok/sec: 631,096 | mfu: 15.2% | epoch: 1 | remaining: 72s    
step 00561 (76.1%) | loss: 3.202007 | lrm: 0.48 | dt: 416ms | tok/sec: 630,669 | mfu: 15.2% | epoch: 1 | remaining: 71s    
step 00562 (76.2%) | loss: 3.204264 | lrm: 0.48 | dt: 415ms | tok/sec: 631,217 | mfu: 15.3% | epoch: 1 | remaining: 71s    
step 00563 (76.4%) | loss: 3.208680 | lrm: 0.47 | dt: 415ms | tok/sec: 631,925 | mfu: 15.3% | epoch: 1 | remaining: 70s    
step 00564 (76.5%) | loss: 3.209089 | lrm: 0.47 | dt: 416ms | tok/sec: 630,248 | mfu: 15.2% | epoch: 1 | remaining: 70s    
step 00565 (76.6%) | loss: 3.205016 | lrm: 0.47 | dt: 415ms | tok/sec: 632,276 | mfu: 15.3% | epoch: 1 | remaining: 70s    
step 00566 (76.8%) | loss: 3.207062 | lrm: 0.46 | dt: 415ms | tok/sec: 631,128 | mfu: 15.2% | epoch: 1 | remaining: 69s    
step 00567 (76.9%) | loss: 3.208911 | lrm: 0.46 | dt: 415ms | tok/sec: 631,562 | mfu: 15.3% | epoch: 1 | remaining: 69s    
step 00568 (77.1%) | loss: 3.199985 | lrm: 0.46 | dt: 416ms | tok/sec: 630,647 | mfu: 15.2% | epoch: 1 | remaining: 68s    
step 00569 (77.2%) | loss: 3.200801 | lrm: 0.46 | dt: 416ms | tok/sec: 630,052 | mfu: 15.2% | epoch: 1 | remaining: 68s    
step 00570 (77.3%) | loss: 3.199787 | lrm: 0.45 | dt: 415ms | tok/sec: 631,950 | mfu: 15.3% | epoch: 1 | remaining: 68s    
step 00571 (77.5%) | loss: 3.202763 | lrm: 0.45 | dt: 416ms | tok/sec: 630,715 | mfu: 15.2% | epoch: 1 | remaining: 67s    
step 00572 (77.6%) | loss: 3.202982 | lrm: 0.45 | dt: 415ms | tok/sec: 631,184 | mfu: 15.3% | epoch: 1 | remaining: 67s    
step 00573 (77.8%) | loss: 3.193235 | lrm: 0.44 | dt: 416ms | tok/sec: 630,117 | mfu: 15.2% | epoch: 1 | remaining: 66s    
step 00574 (77.9%) | loss: 3.185025 | lrm: 0.44 | dt: 416ms | tok/sec: 630,776 | mfu: 15.2% | epoch: 1 | remaining: 66s    
step 00575 (78.0%) | loss: 3.182822 | lrm: 0.44 | dt: 415ms | tok/sec: 631,609 | mfu: 15.3% | epoch: 1 | remaining: 65s    
step 00576 (78.2%) | loss: 3.185090 | lrm: 0.44 | dt: 416ms | tok/sec: 630,390 | mfu: 15.2% | epoch: 1 | remaining: 65s    
step 00577 (78.3%) | loss: 3.191905 | lrm: 0.43 | dt: 415ms | tok/sec: 631,919 | mfu: 15.3% | epoch: 1 | remaining: 65s    
step 00578 (78.4%) | loss: 3.183461 | lrm: 0.43 | dt: 417ms | tok/sec: 628,964 | mfu: 15.2% | epoch: 1 | remaining: 64s    
step 00579 (78.6%) | loss: 3.173703 | lrm: 0.43 | dt: 416ms | tok/sec: 630,461 | mfu: 15.2% | epoch: 1 | remaining: 64s    
step 00580 (78.7%) | loss: 3.172295 | lrm: 0.43 | dt: 416ms | tok/sec: 630,656 | mfu: 15.2% | epoch: 1 | remaining: 63s    
step 00581 (78.9%) | loss: 3.181258 | lrm: 0.42 | dt: 417ms | tok/sec: 629,146 | mfu: 15.2% | epoch: 1 | remaining: 63s    
step 00582 (79.0%) | loss: 3.182215 | lrm: 0.42 | dt: 415ms | tok/sec: 632,071 | mfu: 15.3% | epoch: 1 | remaining: 63s    
step 00583 (79.1%) | loss: 3.175020 | lrm: 0.42 | dt: 417ms | tok/sec: 629,374 | mfu: 15.2% | epoch: 1 | remaining: 62s    
step 00584 (79.3%) | loss: 3.172483 | lrm: 0.41 | dt: 416ms | tok/sec: 630,904 | mfu: 15.2% | epoch: 1 | remaining: 62s    
step 00585 (79.4%) | loss: 3.165617 | lrm: 0.41 | dt: 415ms | tok/sec: 631,229 | mfu: 15.3% | epoch: 1 | remaining: 61s    
step 00586 (79.6%) | loss: 3.162675 | lrm: 0.41 | dt: 416ms | tok/sec: 629,867 | mfu: 15.2% | epoch: 1 | remaining: 61s    
step 00587 (79.7%) | loss: 3.158036 | lrm: 0.41 | dt: 415ms | tok/sec: 631,582 | mfu: 15.3% | epoch: 1 | remaining: 61s    
step 00588 (79.8%) | loss: 3.166373 | lrm: 0.40 | dt: 417ms | tok/sec: 629,150 | mfu: 15.2% | epoch: 1 | remaining: 60s    
step 00589 (80.0%) | loss: 3.170803 | lrm: 0.40 | dt: 415ms | tok/sec: 631,379 | mfu: 15.3% | epoch: 1 | remaining: 60s    
step 00590 (80.1%) | loss: 3.172774 | lrm: 0.40 | dt: 415ms | tok/sec: 631,302 | mfu: 15.3% | epoch: 1 | remaining: 59s    
step 00591 (80.2%) | loss: 3.176338 | lrm: 0.40 | dt: 416ms | tok/sec: 630,012 | mfu: 15.2% | epoch: 1 | remaining: 59s    
step 00592 (80.4%) | loss: 3.183027 | lrm: 0.39 | dt: 415ms | tok/sec: 632,059 | mfu: 15.3% | epoch: 1 | remaining: 58s    
step 00593 (80.5%) | loss: 3.178558 | lrm: 0.39 | dt: 416ms | tok/sec: 630,432 | mfu: 15.2% | epoch: 1 | remaining: 58s    
step 00594 (80.7%) | loss: 3.181886 | lrm: 0.39 | dt: 415ms | tok/sec: 631,163 | mfu: 15.2% | epoch: 1 | remaining: 58s    
step 00595 (80.8%) | loss: 3.183548 | lrm: 0.38 | dt: 416ms | tok/sec: 629,885 | mfu: 15.2% | epoch: 1 | remaining: 57s    
step 00596 (80.9%) | loss: 3.174992 | lrm: 0.38 | dt: 415ms | tok/sec: 631,419 | mfu: 15.3% | epoch: 1 | remaining: 57s    
step 00597 (81.1%) | loss: 3.174342 | lrm: 0.38 | dt: 416ms | tok/sec: 630,296 | mfu: 15.2% | epoch: 1 | remaining: 56s    
step 00598 (81.2%) | loss: 3.167716 | lrm: 0.38 | dt: 415ms | tok/sec: 631,394 | mfu: 15.3% | epoch: 1 | remaining: 56s    
step 00599 (81.4%) | loss: 3.162139 | lrm: 0.37 | dt: 415ms | tok/sec: 631,203 | mfu: 15.3% | epoch: 1 | remaining: 56s    
step 00600 (81.5%) | loss: 3.167790 | lrm: 0.37 | dt: 416ms | tok/sec: 630,583 | mfu: 15.2% | epoch: 1 | remaining: 55s    
step 00601 (81.6%) | loss: 3.162360 | lrm: 0.37 | dt: 414ms | tok/sec: 632,713 | mfu: 15.3% | epoch: 1 | remaining: 55s    
step 00602 (81.8%) | loss: 3.160592 | lrm: 0.36 | dt: 417ms | tok/sec: 629,068 | mfu: 15.2% | epoch: 1 | remaining: 54s    
step 00603 (81.9%) | loss: 3.159248 | lrm: 0.36 | dt: 414ms | tok/sec: 632,481 | mfu: 15.3% | epoch: 1 | remaining: 54s    
step 00604 (82.0%) | loss: 3.162329 | lrm: 0.36 | dt: 416ms | tok/sec: 629,934 | mfu: 15.2% | epoch: 1 | remaining: 53s    
step 00605 (82.2%) | loss: 3.167334 | lrm: 0.36 | dt: 415ms | tok/sec: 631,954 | mfu: 15.3% | epoch: 1 | remaining: 53s    
step 00606 (82.3%) | loss: 3.162867 | lrm: 0.35 | dt: 417ms | tok/sec: 629,244 | mfu: 15.2% | epoch: 1 | remaining: 53s    
step 00607 (82.5%) | loss: 3.158982 | lrm: 0.35 | dt: 415ms | tok/sec: 632,133 | mfu: 15.3% | epoch: 1 | remaining: 52s    
step 00608 (82.6%) | loss: 3.156899 | lrm: 0.35 | dt: 416ms | tok/sec: 630,593 | mfu: 15.2% | epoch: 1 | remaining: 52s    
step 00609 (82.7%) | loss: 3.152407 | lrm: 0.35 | dt: 415ms | tok/sec: 631,287 | mfu: 15.3% | epoch: 1 | remaining: 51s    
step 00610 (82.9%) | loss: 3.152136 | lrm: 0.34 | dt: 416ms | tok/sec: 630,174 | mfu: 15.2% | epoch: 1 | remaining: 51s    
step 00611 (83.0%) | loss: 3.151713 | lrm: 0.34 | dt: 416ms | tok/sec: 629,876 | mfu: 15.2% | epoch: 1 | remaining: 51s    
step 00612 (83.2%) | loss: 3.144228 | lrm: 0.34 | dt: 416ms | tok/sec: 630,737 | mfu: 15.2% | epoch: 1 | remaining: 50s    
step 00613 (83.3%) | loss: 3.144811 | lrm: 0.33 | dt: 416ms | tok/sec: 630,024 | mfu: 15.2% | epoch: 1 | remaining: 50s    
step 00614 (83.4%) | loss: 3.141901 | lrm: 0.33 | dt: 415ms | tok/sec: 631,702 | mfu: 15.3% | epoch: 1 | remaining: 49s    
step 00615 (83.6%) | loss: 3.136927 | lrm: 0.33 | dt: 417ms | tok/sec: 628,610 | mfu: 15.2% | epoch: 1 | remaining: 49s    
step 00616 (83.7%) | loss: 3.137902 | lrm: 0.33 | dt: 414ms | tok/sec: 632,435 | mfu: 15.3% | epoch: 1 | remaining: 48s    
step 00617 (83.8%) | loss: 3.136200 | lrm: 0.32 | dt: 415ms | tok/sec: 630,966 | mfu: 15.2% | epoch: 1 | remaining: 48s    
step 00618 (84.0%) | loss: 3.134042 | lrm: 0.32 | dt: 415ms | tok/sec: 630,967 | mfu: 15.2% | epoch: 1 | remaining: 48s    
step 00619 (84.1%) | loss: 3.134098 | lrm: 0.32 | dt: 416ms | tok/sec: 630,604 | mfu: 15.2% | epoch: 1 | remaining: 47s    
step 00620 (84.3%) | loss: 3.135800 | lrm: 0.31 | dt: 416ms | tok/sec: 630,269 | mfu: 15.2% | epoch: 1 | remaining: 47s    
step 00621 (84.4%) | loss: 3.129267 | lrm: 0.31 | dt: 415ms | tok/sec: 631,568 | mfu: 15.3% | epoch: 1 | remaining: 46s    
step 00622 (84.5%) | loss: 3.130852 | lrm: 0.31 | dt: 416ms | tok/sec: 630,549 | mfu: 15.2% | epoch: 1 | remaining: 46s    
step 00623 (84.7%) | loss: 3.130615 | lrm: 0.31 | dt: 416ms | tok/sec: 630,632 | mfu: 15.2% | epoch: 1 | remaining: 46s    
step 00624 (84.8%) | loss: 3.128341 | lrm: 0.30 | dt: 416ms | tok/sec: 630,234 | mfu: 15.2% | epoch: 1 | remaining: 45s    
step 00625 (85.0%) | loss: 3.128051 | lrm: 0.30 | dt: 416ms | tok/sec: 629,917 | mfu: 15.2% | epoch: 1 | remaining: 45s    
step 00626 (85.1%) | loss: 3.125756 | lrm: 0.30 | dt: 415ms | tok/sec: 631,685 | mfu: 15.3% | epoch: 1 | remaining: 44s    
step 00627 (85.2%) | loss: 3.117222 | lrm: 0.30 | dt: 416ms | tok/sec: 629,906 | mfu: 15.2% | epoch: 1 | remaining: 44s    
step 00628 (85.4%) | loss: 3.113801 | lrm: 0.29 | dt: 416ms | tok/sec: 630,701 | mfu: 15.2% | epoch: 1 | remaining: 43s    
step 00629 (85.5%) | loss: 3.112818 | lrm: 0.29 | dt: 416ms | tok/sec: 630,592 | mfu: 15.2% | epoch: 1 | remaining: 43s    
step 00630 (85.7%) | loss: 3.110407 | lrm: 0.29 | dt: 416ms | tok/sec: 630,116 | mfu: 15.2% | epoch: 1 | remaining: 43s    
step 00631 (85.8%) | loss: 3.115331 | lrm: 0.28 | dt: 415ms | tok/sec: 632,060 | mfu: 15.3% | epoch: 1 | remaining: 42s    
step 00632 (85.9%) | loss: 3.117617 | lrm: 0.28 | dt: 417ms | tok/sec: 628,950 | mfu: 15.2% | epoch: 1 | remaining: 42s    
step 00633 (86.1%) | loss: 3.116675 | lrm: 0.28 | dt: 415ms | tok/sec: 631,231 | mfu: 15.3% | epoch: 1 | remaining: 41s    
step 00634 (86.2%) | loss: 3.115439 | lrm: 0.28 | dt: 416ms | tok/sec: 630,471 | mfu: 15.2% | epoch: 1 | remaining: 41s    
step 00635 (86.3%) | loss: 3.107980 | lrm: 0.27 | dt: 416ms | tok/sec: 630,513 | mfu: 15.2% | epoch: 1 | remaining: 41s    
step 00636 (86.5%) | loss: 3.106420 | lrm: 0.27 | dt: 415ms | tok/sec: 631,609 | mfu: 15.3% | epoch: 1 | remaining: 40s    
step 00637 (86.6%) | loss: 3.107439 | lrm: 0.27 | dt: 416ms | tok/sec: 630,124 | mfu: 15.2% | epoch: 1 | remaining: 40s    
step 00638 (86.8%) | loss: 3.113107 | lrm: 0.26 | dt: 415ms | tok/sec: 631,223 | mfu: 15.3% | epoch: 1 | remaining: 39s    
step 00639 (86.9%) | loss: 3.111731 | lrm: 0.26 | dt: 416ms | tok/sec: 629,863 | mfu: 15.2% | epoch: 1 | remaining: 39s    
step 00640 (87.0%) | loss: 3.101279 | lrm: 0.26 | dt: 415ms | tok/sec: 631,219 | mfu: 15.3% | epoch: 1 | remaining: 38s    
step 00641 (87.2%) | loss: 3.111746 | lrm: 0.26 | dt: 415ms | tok/sec: 631,785 | mfu: 15.3% | epoch: 1 | remaining: 38s    
step 00642 (87.3%) | loss: 3.115660 | lrm: 0.25 | dt: 416ms | tok/sec: 630,275 | mfu: 15.2% | epoch: 1 | remaining: 38s    
step 00643 (87.5%) | loss: 3.112349 | lrm: 0.25 | dt: 415ms | tok/sec: 631,592 | mfu: 15.3% | epoch: 1 | remaining: 37s    
step 00644 (87.6%) | loss: 3.109795 | lrm: 0.25 | dt: 417ms | tok/sec: 629,150 | mfu: 15.2% | epoch: 1 | remaining: 37s    
step 00645 (87.7%) | loss: 3.104001 | lrm: 0.25 | dt: 416ms | tok/sec: 630,036 | mfu: 15.2% | epoch: 1 | remaining: 36s    
step 00646 (87.9%) | loss: 3.100510 | lrm: 0.24 | dt: 415ms | tok/sec: 631,556 | mfu: 15.3% | epoch: 1 | remaining: 36s    
step 00647 (88.0%) | loss: 3.101772 | lrm: 0.24 | dt: 417ms | tok/sec: 628,579 | mfu: 15.2% | epoch: 1 | remaining: 36s    
step 00648 (88.1%) | loss: 3.104960 | lrm: 0.24 | dt: 415ms | tok/sec: 632,325 | mfu: 15.3% | epoch: 1 | remaining: 35s    
step 00649 (88.3%) | loss: 3.106047 | lrm: 0.23 | dt: 416ms | tok/sec: 630,193 | mfu: 15.2% | epoch: 1 | remaining: 35s    
step 00650 (88.4%) | loss: 3.110893 | lrm: 0.23 | dt: 415ms | tok/sec: 631,283 | mfu: 15.3% | epoch: 1 | remaining: 34s    
step 00651 (88.6%) | loss: 3.102042 | lrm: 0.23 | dt: 415ms | tok/sec: 631,430 | mfu: 15.3% | epoch: 1 | remaining: 34s    
step 00652 (88.7%) | loss: 3.100446 | lrm: 0.23 | dt: 416ms | tok/sec: 629,709 | mfu: 15.2% | epoch: 1 | remaining: 33s    
step 00653 (88.8%) | loss: 3.100364 | lrm: 0.22 | dt: 415ms | tok/sec: 631,116 | mfu: 15.2% | epoch: 1 | remaining: 33s    
step 00654 (89.0%) | loss: 3.110010 | lrm: 0.22 | dt: 415ms | tok/sec: 631,551 | mfu: 15.3% | epoch: 1 | remaining: 33s    
step 00655 (89.1%) | loss: 3.101658 | lrm: 0.22 | dt: 416ms | tok/sec: 630,053 | mfu: 15.2% | epoch: 1 | remaining: 32s    
step 00656 (89.3%) | loss: 3.101408 | lrm: 0.21 | dt: 415ms | tok/sec: 631,469 | mfu: 15.3% | epoch: 1 | remaining: 32s    
step 00657 (89.4%) | loss: 3.101717 | lrm: 0.21 | dt: 416ms | tok/sec: 630,107 | mfu: 15.2% | epoch: 1 | remaining: 31s    
step 00658 (89.5%) | loss: 3.108697 | lrm: 0.21 | dt: 415ms | tok/sec: 631,991 | mfu: 15.3% | epoch: 1 | remaining: 31s    
step 00659 (89.7%) | loss: 3.105034 | lrm: 0.21 | dt: 416ms | tok/sec: 630,344 | mfu: 15.2% | epoch: 1 | remaining: 31s    
step 00660 (89.8%) | loss: 3.098437 | lrm: 0.20 | dt: 415ms | tok/sec: 631,276 | mfu: 15.3% | epoch: 1 | remaining: 30s    
step 00661 (89.9%) | loss: 3.100210 | lrm: 0.20 | dt: 415ms | tok/sec: 631,661 | mfu: 15.3% | epoch: 1 | remaining: 30s    
step 00662 (90.1%) | loss: 3.102086 | lrm: 0.20 | dt: 417ms | tok/sec: 629,121 | mfu: 15.2% | epoch: 1 | remaining: 29s    
step 00663 (90.2%) | loss: 3.100776 | lrm: 0.20 | dt: 415ms | tok/sec: 631,368 | mfu: 15.3% | epoch: 1 | remaining: 29s    
step 00664 (90.4%) | loss: 3.095966 | lrm: 0.19 | dt: 415ms | tok/sec: 630,947 | mfu: 15.2% | epoch: 1 | remaining: 29s    
step 00665 (90.5%) | loss: 3.095955 | lrm: 0.19 | dt: 416ms | tok/sec: 630,868 | mfu: 15.2% | epoch: 1 | remaining: 28s    
step 00666 (90.6%) | loss: 3.091651 | lrm: 0.19 | dt: 415ms | tok/sec: 631,194 | mfu: 15.3% | epoch: 1 | remaining: 28s    
step 00667 (90.8%) | loss: 3.092509 | lrm: 0.18 | dt: 416ms | tok/sec: 629,931 | mfu: 15.2% | epoch: 1 | remaining: 27s    
step 00668 (90.9%) | loss: 3.089356 | lrm: 0.18 | dt: 415ms | tok/sec: 632,006 | mfu: 15.3% | epoch: 1 | remaining: 27s    
step 00669 (91.1%) | loss: 3.093532 | lrm: 0.18 | dt: 417ms | tok/sec: 629,029 | mfu: 15.2% | epoch: 1 | remaining: 26s    
step 00670 (91.2%) | loss: 3.091547 | lrm: 0.18 | dt: 416ms | tok/sec: 630,749 | mfu: 15.2% | epoch: 1 | remaining: 26s    
step 00671 (91.3%) | loss: 3.089293 | lrm: 0.17 | dt: 415ms | tok/sec: 631,740 | mfu: 15.3% | epoch: 1 | remaining: 26s    
step 00672 (91.5%) | loss: 3.093912 | lrm: 0.17 | dt: 416ms | tok/sec: 630,089 | mfu: 15.2% | epoch: 1 | remaining: 25s    
step 00673 (91.6%) | loss: 3.097891 | lrm: 0.17 | dt: 416ms | tok/sec: 630,872 | mfu: 15.2% | epoch: 1 | remaining: 25s    
step 00674 (91.7%) | loss: 3.094813 | lrm: 0.17 | dt: 417ms | tok/sec: 629,307 | mfu: 15.2% | epoch: 1 | remaining: 24s    
step 00675 (91.9%) | loss: 3.093609 | lrm: 0.16 | dt: 416ms | tok/sec: 630,760 | mfu: 15.2% | epoch: 1 | remaining: 24s    
step 00676 (92.0%) | loss: 3.089680 | lrm: 0.16 | dt: 415ms | tok/sec: 631,122 | mfu: 15.2% | epoch: 1 | remaining: 24s    
step 00677 (92.2%) | loss: 3.090816 | lrm: 0.16 | dt: 416ms | tok/sec: 629,691 | mfu: 15.2% | epoch: 1 | remaining: 23s    
step 00678 (92.3%) | loss: 3.089905 | lrm: 0.15 | dt: 416ms | tok/sec: 630,439 | mfu: 15.2% | epoch: 1 | remaining: 23s    
step 00679 (92.4%) | loss: 3.082029 | lrm: 0.15 | dt: 416ms | tok/sec: 630,262 | mfu: 15.2% | epoch: 1 | remaining: 22s    
step 00680 (92.6%) | loss: 3.089535 | lrm: 0.15 | dt: 416ms | tok/sec: 629,680 | mfu: 15.2% | epoch: 1 | remaining: 22s    
step 00681 (92.7%) | loss: 3.092120 | lrm: 0.15 | dt: 415ms | tok/sec: 631,064 | mfu: 15.2% | epoch: 1 | remaining: 21s    
step 00682 (92.9%) | loss: 3.094883 | lrm: 0.14 | dt: 416ms | tok/sec: 629,843 | mfu: 15.2% | epoch: 1 | remaining: 21s    
step 00683 (93.0%) | loss: 3.094961 | lrm: 0.14 | dt: 415ms | tok/sec: 631,482 | mfu: 15.3% | epoch: 1 | remaining: 21s    
step 00684 (93.1%) | loss: 3.088630 | lrm: 0.14 | dt: 416ms | tok/sec: 629,817 | mfu: 15.2% | epoch: 1 | remaining: 20s    
step 00685 (93.3%) | loss: 3.092983 | lrm: 0.13 | dt: 416ms | tok/sec: 629,840 | mfu: 15.2% | epoch: 1 | remaining: 20s    
step 00686 (93.4%) | loss: 3.089328 | lrm: 0.13 | dt: 415ms | tok/sec: 631,070 | mfu: 15.2% | epoch: 1 | remaining: 19s    
step 00687 (93.5%) | loss: 3.086430 | lrm: 0.13 | dt: 416ms | tok/sec: 630,223 | mfu: 15.2% | epoch: 1 | remaining: 19s    
step 00688 (93.7%) | loss: 3.090228 | lrm: 0.13 | dt: 416ms | tok/sec: 630,906 | mfu: 15.2% | epoch: 1 | remaining: 19s    
step 00689 (93.8%) | loss: 3.093650 | lrm: 0.12 | dt: 416ms | tok/sec: 630,430 | mfu: 15.2% | epoch: 1 | remaining: 18s    
step 00690 (94.0%) | loss: 3.095324 | lrm: 0.12 | dt: 416ms | tok/sec: 630,794 | mfu: 15.2% | epoch: 1 | remaining: 18s    
step 00691 (94.1%) | loss: 3.103460 | lrm: 0.12 | dt: 415ms | tok/sec: 631,016 | mfu: 15.2% | epoch: 1 | remaining: 17s    
step 00692 (94.2%) | loss: 3.095194 | lrm: 0.12 | dt: 417ms | tok/sec: 628,860 | mfu: 15.2% | epoch: 1 | remaining: 17s    
step 00693 (94.4%) | loss: 3.098363 | lrm: 0.11 | dt: 415ms | tok/sec: 631,260 | mfu: 15.3% | epoch: 1 | remaining: 16s    
step 00694 (94.5%) | loss: 3.094359 | lrm: 0.11 | dt: 417ms | tok/sec: 629,355 | mfu: 15.2% | epoch: 1 | remaining: 16s    
step 00695 (94.7%) | loss: 3.091318 | lrm: 0.11 | dt: 416ms | tok/sec: 630,588 | mfu: 15.2% | epoch: 1 | remaining: 16s    
step 00696 (94.8%) | loss: 3.089826 | lrm: 0.10 | dt: 415ms | tok/sec: 631,608 | mfu: 15.3% | epoch: 1 | remaining: 15s    
step 00697 (94.9%) | loss: 3.085420 | lrm: 0.10 | dt: 416ms | tok/sec: 629,848 | mfu: 15.2% | epoch: 1 | remaining: 15s    
step 00698 (95.1%) | loss: 3.087913 | lrm: 0.10 | dt: 415ms | tok/sec: 631,168 | mfu: 15.3% | epoch: 1 | remaining: 14s    
step 00699 (95.2%) | loss: 3.087951 | lrm: 0.10 | dt: 417ms | tok/sec: 629,178 | mfu: 15.2% | epoch: 1 | remaining: 14s    
step 00700 (95.4%) | loss: 3.087675 | lrm: 0.09 | dt: 415ms | tok/sec: 631,337 | mfu: 15.3% | epoch: 1 | remaining: 14s    
step 00701 (95.5%) | loss: 3.085307 | lrm: 0.09 | dt: 416ms | tok/sec: 630,706 | mfu: 15.2% | epoch: 1 | remaining: 13s    
step 00702 (95.6%) | loss: 3.079959 | lrm: 0.09 | dt: 417ms | tok/sec: 628,541 | mfu: 15.2% | epoch: 1 | remaining: 13s    
step 00703 (95.8%) | loss: 3.075622 | lrm: 0.08 | dt: 415ms | tok/sec: 631,428 | mfu: 15.3% | epoch: 1 | remaining: 12s    
step 00704 (95.9%) | loss: 3.071575 | lrm: 0.08 | dt: 417ms | tok/sec: 629,309 | mfu: 15.2% | epoch: 1 | remaining: 12s    
step 00705 (96.0%) | loss: 3.082335 | lrm: 0.08 | dt: 415ms | tok/sec: 631,801 | mfu: 15.3% | epoch: 1 | remaining: 11s    
step 00706 (96.2%) | loss: 3.084401 | lrm: 0.08 | dt: 416ms | tok/sec: 630,689 | mfu: 15.2% | epoch: 1 | remaining: 11s    
step 00707 (96.3%) | loss: 3.080841 | lrm: 0.07 | dt: 415ms | tok/sec: 631,459 | mfu: 15.3% | epoch: 1 | remaining: 11s    
step 00708 (96.5%) | loss: 3.079338 | lrm: 0.07 | dt: 415ms | tok/sec: 631,357 | mfu: 15.3% | epoch: 1 | remaining: 10s    
step 00709 (96.6%) | loss: 3.072985 | lrm: 0.07 | dt: 417ms | tok/sec: 628,884 | mfu: 15.2% | epoch: 1 | remaining: 10s    
step 00710 (96.7%) | loss: 3.064894 | lrm: 0.07 | dt: 415ms | tok/sec: 631,164 | mfu: 15.2% | epoch: 1 | remaining: 9s    
step 00711 (96.9%) | loss: 3.068700 | lrm: 0.06 | dt: 417ms | tok/sec: 629,162 | mfu: 15.2% | epoch: 1 | remaining: 9s    
step 00712 (97.0%) | loss: 3.073598 | lrm: 0.06 | dt: 416ms | tok/sec: 630,598 | mfu: 15.2% | epoch: 1 | remaining: 9s    
step 00713 (97.2%) | loss: 3.068086 | lrm: 0.06 | dt: 415ms | tok/sec: 631,179 | mfu: 15.3% | epoch: 1 | remaining: 8s    
step 00714 (97.3%) | loss: 3.071281 | lrm: 0.05 | dt: 416ms | tok/sec: 629,551 | mfu: 15.2% | epoch: 1 | remaining: 8s    
step 00715 (97.4%) | loss: 3.077217 | lrm: 0.05 | dt: 416ms | tok/sec: 630,652 | mfu: 15.2% | epoch: 1 | remaining: 7s    
step 00716 (97.6%) | loss: 3.082797 | lrm: 0.05 | dt: 416ms | tok/sec: 630,191 | mfu: 15.2% | epoch: 1 | remaining: 7s    
step 00717 (97.7%) | loss: 3.079605 | lrm: 0.05 | dt: 416ms | tok/sec: 630,106 | mfu: 15.2% | epoch: 1 | remaining: 6s    
step 00718 (97.8%) | loss: 3.083757 | lrm: 0.04 | dt: 415ms | tok/sec: 631,981 | mfu: 15.3% | epoch: 1 | remaining: 6s    
step 00719 (98.0%) | loss: 3.086814 | lrm: 0.04 | dt: 416ms | tok/sec: 629,798 | mfu: 15.2% | epoch: 1 | remaining: 6s    
step 00720 (98.1%) | loss: 3.083266 | lrm: 0.04 | dt: 415ms | tok/sec: 631,899 | mfu: 15.3% | epoch: 1 | remaining: 5s    
step 00721 (98.3%) | loss: 3.081042 | lrm: 0.03 | dt: 416ms | tok/sec: 629,635 | mfu: 15.2% | epoch: 1 | remaining: 5s    
step 00722 (98.4%) | loss: 3.081330 | lrm: 0.03 | dt: 415ms | tok/sec: 631,325 | mfu: 15.3% | epoch: 1 | remaining: 4s    
step 00723 (98.5%) | loss: 3.069267 | lrm: 0.03 | dt: 416ms | tok/sec: 630,902 | mfu: 15.2% | epoch: 1 | remaining: 4s    
step 00724 (98.7%) | loss: 3.063500 | lrm: 0.03 | dt: 416ms | tok/sec: 629,440 | mfu: 15.2% | epoch: 1 | remaining: 4s    
step 00725 (98.8%) | loss: 3.063895 | lrm: 0.02 | dt: 415ms | tok/sec: 631,624 | mfu: 15.3% | epoch: 1 | remaining: 3s    
step 00726 (99.0%) | loss: 3.067325 | lrm: 0.02 | dt: 417ms | tok/sec: 629,297 | mfu: 15.2% | epoch: 1 | remaining: 3s    
step 00727 (99.1%) | loss: 3.063930 | lrm: 0.02 | dt: 415ms | tok/sec: 631,168 | mfu: 15.2% | epoch: 1 | remaining: 2s    
step 00728 (99.2%) | loss: 3.061321 | lrm: 0.02 | dt: 415ms | tok/sec: 631,893 | mfu: 15.3% | epoch: 1 | remaining: 2s    
step 00729 (99.4%) | loss: 3.060879 | lrm: 0.01 | dt: 417ms | tok/sec: 628,943 | mfu: 15.2% | epoch: 1 | remaining: 1s    
step 00730 (99.5%) | loss: 3.059634 | lrm: 0.01 | dt: 415ms | tok/sec: 630,963 | mfu: 15.2% | epoch: 1 | remaining: 1s    
step 00731 (99.6%) | loss: 3.056150 | lrm: 0.01 | dt: 417ms | tok/sec: 629,070 | mfu: 15.2% | epoch: 1 | remaining: 1s    
step 00732 (99.8%) | loss: 3.057915 | lrm: 0.00 | dt: 416ms | tok/sec: 630,521 | mfu: 15.2% | epoch: 1 | remaining: 0s    
step 00733 (99.9%) | loss: 3.058652 | lrm: 0.00 | dt: 415ms | tok/sec: 631,350 | mfu: 15.3% | epoch: 1 | remaining: 0s    
---
val_bpb:          1.093226
training_seconds: 300.2
total_seconds:    343.5
peak_vram_mb:     22804.5
mfu_percent:      15.28
total_tokens_M:   192.4
num_steps:        734
num_params_M:     50.3
depth:            8
